Flow report for cursach
Mon May 15 10:28:31 2017
Quartus II Version 9.1 Build 350 03/24/2010 Service Pack 2 SJ Web Edition


---------------------
; Table of Contents ;
---------------------
  1. Legal Notice
  2. Flow Summary
  3. Flow Settings
  4. Flow Non-Default Global Settings
  5. Flow Elapsed Time
  6. Flow OS Summary
  7. Flow Log



----------------
; Legal Notice ;
----------------
Copyright (C) 1991-2010 Altera Corporation
Your use of Altera Corporation's design tools, logic functions 
and other software and tools, and its AMPP partner logic 
functions, and any output files from any of the foregoing 
(including device programming or simulation files), and any 
associated documentation or information are expressly subject 
to the terms and conditions of the Altera Program License 
Subscription Agreement, Altera MegaCore Function License 
Agreement, or other applicable license agreement, including, 
without limitation, that your use is for the sole purpose of 
programming logic devices manufactured by Altera and sold by 
Altera or its authorized distributors.  Please refer to the 
applicable agreement for further details.



+------------------------------------------------------------------------------+
; Flow Summary                                                                 ;
+-------------------------------+----------------------------------------------+
; Flow Status                   ; Successful - Mon May 15 10:28:31 2017        ;
; Quartus II Version            ; 9.1 Build 350 03/24/2010 SP 2 SJ Web Edition ;
; Revision Name                 ; cursach                                      ;
; Top-level Entity Name         ; ALU                                          ;
; Family                        ; Stratix II                                   ;
; Met timing requirements       ; Yes                                          ;
; Logic utilization             ; < 1 %                                        ;
;     Combinational ALUTs       ; 88 / 12,480 ( < 1 % )                        ;
;     Dedicated logic registers ; 0 / 12,480 ( 0 % )                           ;
; Total registers               ; 0                                            ;
; Total pins                    ; 50 / 343 ( 15 % )                            ;
; Total virtual pins            ; 0                                            ;
; Total block memory bits       ; 0 / 419,328 ( 0 % )                          ;
; DSP block 9-bit elements      ; 0 / 96 ( 0 % )                               ;
; Total PLLs                    ; 0 / 6 ( 0 % )                                ;
; Total DLLs                    ; 0 / 2 ( 0 % )                                ;
; Device                        ; EP2S15F484C3                                 ;
; Timing Models                 ; Final                                        ;
+-------------------------------+----------------------------------------------+


+-----------------------------------------+
; Flow Settings                           ;
+-------------------+---------------------+
; Option            ; Setting             ;
+-------------------+---------------------+
; Start date & time ; 05/15/2017 10:28:18 ;
; Main task         ; Compilation         ;
; Revision Name     ; cursach             ;
+-------------------+---------------------+


+------------------------------------------------------------------------------------------------------------------+
; Flow Non-Default Global Settings                                                                                 ;
+------------------------------------+------------------------------+---------------+-------------+----------------+
; Assignment Name                    ; Value                        ; Default Value ; Entity Name ; Section Id     ;
+------------------------------------+------------------------------+---------------+-------------+----------------+
; COMPILER_SIGNATURE_ID              ; 166560764862.149483689809500 ; --            ; --          ; --             ;
; IP_TOOL_NAME                       ; LPM_BUSTRI                   ; --            ; --          ; --             ;
; IP_TOOL_NAME                       ; LPM_BUSTRI                   ; --            ; --          ; --             ;
; IP_TOOL_NAME                       ; LPM_FF                       ; --            ; --          ; --             ;
; IP_TOOL_NAME                       ; LPM_DECODE                   ; --            ; --          ; --             ;
; IP_TOOL_NAME                       ; LPM_COUNTER                  ; --            ; --          ; --             ;
; IP_TOOL_NAME                       ; LPM_FF                       ; --            ; --          ; --             ;
; IP_TOOL_NAME                       ; LPM_FF                       ; --            ; --          ; --             ;
; IP_TOOL_NAME                       ; LPM_FF                       ; --            ; --          ; --             ;
; IP_TOOL_NAME                       ; LPM_COUNTER                  ; --            ; --          ; --             ;
; IP_TOOL_NAME                       ; LPM_DECODE                   ; --            ; --          ; --             ;
; IP_TOOL_NAME                       ; LPM_BUSTRI                   ; --            ; --          ; --             ;
; IP_TOOL_NAME                       ; LPM_BUSTRI                   ; --            ; --          ; --             ;
; IP_TOOL_NAME                       ; LPM_DECODE                   ; --            ; --          ; --             ;
; IP_TOOL_NAME                       ; LPM_DECODE                   ; --            ; --          ; --             ;
; IP_TOOL_NAME                       ; LPM_COMPARE                  ; --            ; --          ; --             ;
; IP_TOOL_NAME                       ; LPM_COMPARE                  ; --            ; --          ; --             ;
; IP_TOOL_NAME                       ; LPM_COUNTER                  ; --            ; --          ; --             ;
; IP_TOOL_NAME                       ; LPM_COMPARE                  ; --            ; --          ; --             ;
; IP_TOOL_NAME                       ; LPM_BUSTRI                   ; --            ; --          ; --             ;
; IP_TOOL_NAME                       ; LPM_DECODE                   ; --            ; --          ; --             ;
; IP_TOOL_NAME                       ; LPM_COMPARE                  ; --            ; --          ; --             ;
; IP_TOOL_NAME                       ; LPM_DECODE                   ; --            ; --          ; --             ;
; IP_TOOL_NAME                       ; LPM_ADD_SUB                  ; --            ; --          ; --             ;
; IP_TOOL_NAME                       ; LPM_DECODE                   ; --            ; --          ; --             ;
; IP_TOOL_NAME                       ; LPM_CLSHIFT                  ; --            ; --          ; --             ;
; IP_TOOL_VERSION                    ; 9.1                          ; --            ; --          ; --             ;
; IP_TOOL_VERSION                    ; 9.1                          ; --            ; --          ; --             ;
; IP_TOOL_VERSION                    ; 9.1                          ; --            ; --          ; --             ;
; IP_TOOL_VERSION                    ; 9.1                          ; --            ; --          ; --             ;
; IP_TOOL_VERSION                    ; 9.1                          ; --            ; --          ; --             ;
; IP_TOOL_VERSION                    ; 9.1                          ; --            ; --          ; --             ;
; IP_TOOL_VERSION                    ; 9.1                          ; --            ; --          ; --             ;
; IP_TOOL_VERSION                    ; 9.1                          ; --            ; --          ; --             ;
; IP_TOOL_VERSION                    ; 9.1                          ; --            ; --          ; --             ;
; IP_TOOL_VERSION                    ; 9.1                          ; --            ; --          ; --             ;
; IP_TOOL_VERSION                    ; 9.1                          ; --            ; --          ; --             ;
; IP_TOOL_VERSION                    ; 9.1                          ; --            ; --          ; --             ;
; IP_TOOL_VERSION                    ; 9.1                          ; --            ; --          ; --             ;
; IP_TOOL_VERSION                    ; 9.1                          ; --            ; --          ; --             ;
; IP_TOOL_VERSION                    ; 9.1                          ; --            ; --          ; --             ;
; IP_TOOL_VERSION                    ; 9.1                          ; --            ; --          ; --             ;
; IP_TOOL_VERSION                    ; 9.1                          ; --            ; --          ; --             ;
; IP_TOOL_VERSION                    ; 9.1                          ; --            ; --          ; --             ;
; IP_TOOL_VERSION                    ; 9.1                          ; --            ; --          ; --             ;
; IP_TOOL_VERSION                    ; 9.1                          ; --            ; --          ; --             ;
; IP_TOOL_VERSION                    ; 9.1                          ; --            ; --          ; --             ;
; IP_TOOL_VERSION                    ; 9.1                          ; --            ; --          ; --             ;
; IP_TOOL_VERSION                    ; 9.1                          ; --            ; --          ; --             ;
; IP_TOOL_VERSION                    ; 9.1                          ; --            ; --          ; --             ;
; IP_TOOL_VERSION                    ; 9.1                          ; --            ; --          ; --             ;
; MISC_FILE                          ; lpm_bustri0.bsf              ; --            ; --          ; --             ;
; MISC_FILE                          ; lpm_bustri1.bsf              ; --            ; --          ; --             ;
; MISC_FILE                          ; lpm_reg.bsf                  ; --            ; --          ; --             ;
; MISC_FILE                          ; lpm_decode0.bsf              ; --            ; --          ; --             ;
; MISC_FILE                          ; counter.bsf                  ; --            ; --          ; --             ;
; MISC_FILE                          ; instruct.bsf                 ; --            ; --          ; --             ;
; MISC_FILE                          ; reg.bsf                      ; --            ; --          ; --             ;
; MISC_FILE                          ; addr.bsf                     ; --            ; --          ; --             ;
; MISC_FILE                          ; lpm_counterDCA.bsf           ; --            ; --          ; --             ;
; MISC_FILE                          ; lpm_decodeDCA.bsf            ; --            ; --          ; --             ;
; MISC_FILE                          ; lpm_bustri2.bsf              ; --            ; --          ; --             ;
; MISC_FILE                          ; lpm_bustri3.bsf              ; --            ; --          ; --             ;
; MISC_FILE                          ; lpm_decode1.bsf              ; --            ; --          ; --             ;
; MISC_FILE                          ; lpm_decode2.bsf              ; --            ; --          ; --             ;
; MISC_FILE                          ; lpm_compare0.bsf             ; --            ; --          ; --             ;
; MISC_FILE                          ; lpm_compare1.bsf             ; --            ; --          ; --             ;
; MISC_FILE                          ; lpm_counterStak.bsf          ; --            ; --          ; --             ;
; MISC_FILE                          ; lpm_compare2.bsf             ; --            ; --          ; --             ;
; MISC_FILE                          ; lpm_bustri4.bsf              ; --            ; --          ; --             ;
; MISC_FILE                          ; lpm_decode3.bsf              ; --            ; --          ; --             ;
; MISC_FILE                          ; lpm_compare3.bsf             ; --            ; --          ; --             ;
; MISC_FILE                          ; lpm_decode4.bsf              ; --            ; --          ; --             ;
; MISC_FILE                          ; lpm_sub.bsf                  ; --            ; --          ; --             ;
; MISC_FILE                          ; lpm_decode5.bsf              ; --            ; --          ; --             ;
; MISC_FILE                          ; shift.bsf                    ; --            ; --          ; --             ;
; PARTITION_COLOR                    ; 16764057                     ; --            ; ALU         ; Top            ;
; PARTITION_NETLIST_TYPE             ; SOURCE                       ; --            ; ALU         ; Top            ;
; TOP_LEVEL_ENTITY                   ; ALU                          ; cursach       ; --          ; --             ;
; USE_GENERATED_PHYSICAL_CONSTRAINTS ; Off                          ; --            ; --          ; eda_blast_fpga ;
+------------------------------------+------------------------------+---------------+-------------+----------------+


+-----------------------------------------------------------------------------------------------------------------------------+
; Flow Elapsed Time                                                                                                           ;
+-------------------------+--------------+-------------------------+---------------------+------------------------------------+
; Module Name             ; Elapsed Time ; Average Processors Used ; Peak Virtual Memory ; Total CPU Time (on all processors) ;
+-------------------------+--------------+-------------------------+---------------------+------------------------------------+
; Analysis & Synthesis    ; 00:00:04     ; 1.0                     ; 258 MB              ; 00:00:02                           ;
; Fitter                  ; 00:00:04     ; 1.0                     ; 279 MB              ; 00:00:04                           ;
; Assembler               ; 00:00:02     ; 1.0                     ; 247 MB              ; 00:00:02                           ;
; Classic Timing Analyzer ; 00:00:00     ; 1.0                     ; 176 MB              ; 00:00:00                           ;
; Total                   ; 00:00:10     ; --                      ; --                  ; 00:00:08                           ;
+-------------------------+--------------+-------------------------+---------------------+------------------------------------+


+------------------------------------------------------------------------------------------+
; Flow OS Summary                                                                          ;
+-------------------------+------------------+---------------+------------+----------------+
; Module Name             ; Machine Hostname ; OS Name       ; OS Version ; Processor type ;
+-------------------------+------------------+---------------+------------+----------------+
; Analysis & Synthesis    ; admin-PC         ; Windows Vista ; 6.2        ; x86_64         ;
; Fitter                  ; admin-PC         ; Windows Vista ; 6.2        ; x86_64         ;
; Assembler               ; admin-PC         ; Windows Vista ; 6.2        ; x86_64         ;
; Classic Timing Analyzer ; admin-PC         ; Windows Vista ; 6.2        ; x86_64         ;
+-------------------------+------------------+---------------+------------+----------------+


------------
; Flow Log ;
------------
quartus_map --read_settings_files=on --write_settings_files=off cursach -c cursach
quartus_fit --read_settings_files=off --write_settings_files=off cursach -c cursach
quartus_asm --read_settings_files=off --write_settings_files=off cursach -c cursach
quartus_tan --read_settings_files=off --write_settings_files=off cursach -c cursach --timing_analysis_only



