Analysis & Synthesis report for cursach
Mon May 15 10:28:21 2017
Quartus II Version 9.1 Build 350 03/24/2010 Service Pack 2 SJ Web Edition


---------------------
; Table of Contents ;
---------------------
  1. Legal Notice
  2. Analysis & Synthesis Summary
  3. Analysis & Synthesis Settings
  4. Parallel Compilation
  5. Analysis & Synthesis Source Files Read
  6. Analysis & Synthesis Resource Usage Summary
  7. Analysis & Synthesis Resource Utilization by Entity
  8. General Register Statistics
  9. Parameter Settings for User Entity Instance: lpm_sub:inst|lpm_add_sub:lpm_add_sub_component
 10. Parameter Settings for User Entity Instance: lpm_bustri0:inst3|lpm_bustri:lpm_bustri_component
 11. Parameter Settings for User Entity Instance: lpm_bustri0:inst4|lpm_bustri:lpm_bustri_component
 12. Parameter Settings for User Entity Instance: lpm_bustri0:inst5|lpm_bustri:lpm_bustri_component
 13. Parameter Settings for User Entity Instance: lpm_bustri0:inst6|lpm_bustri:lpm_bustri_component
 14. Parameter Settings for User Entity Instance: shift:inst1|lpm_clshift:lpm_clshift_component
 15. Analysis & Synthesis Messages



----------------
; Legal Notice ;
----------------
Copyright (C) 1991-2010 Altera Corporation
Your use of Altera Corporation's design tools, logic functions 
and other software and tools, and its AMPP partner logic 
functions, and any output files from any of the foregoing 
(including device programming or simulation files), and any 
associated documentation or information are expressly subject 
to the terms and conditions of the Altera Program License 
Subscription Agreement, Altera MegaCore Function License 
Agreement, or other applicable license agreement, including, 
without limitation, that your use is for the sole purpose of 
programming logic devices manufactured by Altera and sold by 
Altera or its authorized distributors.  Please refer to the 
applicable agreement for further details.



+------------------------------------------------------------------------------+
; Analysis & Synthesis Summary                                                 ;
+-------------------------------+----------------------------------------------+
; Analysis & Synthesis Status   ; Successful - Mon May 15 10:28:21 2017        ;
; Quartus II Version            ; 9.1 Build 350 03/24/2010 SP 2 SJ Web Edition ;
; Revision Name                 ; cursach                                      ;
; Top-level Entity Name         ; ALU                                          ;
; Family                        ; Stratix II                                   ;
; Logic utilization             ; N/A                                          ;
;     Combinational ALUTs       ; 88                                           ;
;     Dedicated logic registers ; 0                                            ;
; Total registers               ; 0                                            ;
; Total pins                    ; 50                                           ;
; Total virtual pins            ; 0                                            ;
; Total block memory bits       ; 0                                            ;
; DSP block 9-bit elements      ; 0                                            ;
; Total PLLs                    ; 0                                            ;
; Total DLLs                    ; 0                                            ;
+-------------------------------+----------------------------------------------+


+----------------------------------------------------------------------------------------------------------------------+
; Analysis & Synthesis Settings                                                                                        ;
+----------------------------------------------------------------------------+--------------------+--------------------+
; Option                                                                     ; Setting            ; Default Value      ;
+----------------------------------------------------------------------------+--------------------+--------------------+
; Top-level entity name                                                      ; ALU                ; cursach            ;
; Family name                                                                ; Stratix II         ; Stratix II         ;
; Use Generated Physical Constraints File                                    ; Off                ;                    ;
; Use smart compilation                                                      ; Off                ; Off                ;
; Enable parallel Assembler and TimeQuest Timing Analyzer during compilation ; On                 ; On                 ;
; Enable compact report table                                                ; Off                ; Off                ;
; Restructure Multiplexers                                                   ; Auto               ; Auto               ;
; Create Debugging Nodes for IP Cores                                        ; Off                ; Off                ;
; Preserve fewer node names                                                  ; On                 ; On                 ;
; Disable OpenCore Plus hardware evaluation                                  ; Off                ; Off                ;
; Verilog Version                                                            ; Verilog_2001       ; Verilog_2001       ;
; VHDL Version                                                               ; VHDL_1993          ; VHDL_1993          ;
; State Machine Processing                                                   ; Auto               ; Auto               ;
; Safe State Machine                                                         ; Off                ; Off                ;
; Extract Verilog State Machines                                             ; On                 ; On                 ;
; Extract VHDL State Machines                                                ; On                 ; On                 ;
; Ignore Verilog initial constructs                                          ; Off                ; Off                ;
; Iteration limit for constant Verilog loops                                 ; 5000               ; 5000               ;
; Iteration limit for non-constant Verilog loops                             ; 250                ; 250                ;
; Add Pass-Through Logic to Inferred RAMs                                    ; On                 ; On                 ;
; Parallel Synthesis                                                         ; On                 ; On                 ;
; DSP Block Balancing                                                        ; Auto               ; Auto               ;
; NOT Gate Push-Back                                                         ; On                 ; On                 ;
; Power-Up Don't Care                                                        ; On                 ; On                 ;
; Remove Redundant Logic Cells                                               ; Off                ; Off                ;
; Remove Duplicate Registers                                                 ; On                 ; On                 ;
; Ignore CARRY Buffers                                                       ; Off                ; Off                ;
; Ignore CASCADE Buffers                                                     ; Off                ; Off                ;
; Ignore GLOBAL Buffers                                                      ; Off                ; Off                ;
; Ignore ROW GLOBAL Buffers                                                  ; Off                ; Off                ;
; Ignore LCELL Buffers                                                       ; Off                ; Off                ;
; Ignore SOFT Buffers                                                        ; On                 ; On                 ;
; Limit AHDL Integers to 32 Bits                                             ; Off                ; Off                ;
; Optimization Technique                                                     ; Balanced           ; Balanced           ;
; Carry Chain Length                                                         ; 70                 ; 70                 ;
; Auto Carry Chains                                                          ; On                 ; On                 ;
; Auto Open-Drain Pins                                                       ; On                 ; On                 ;
; Perform WYSIWYG Primitive Resynthesis                                      ; Off                ; Off                ;
; Auto ROM Replacement                                                       ; On                 ; On                 ;
; Auto RAM Replacement                                                       ; On                 ; On                 ;
; Auto DSP Block Replacement                                                 ; On                 ; On                 ;
; Auto Shift Register Replacement                                            ; Auto               ; Auto               ;
; Auto Clock Enable Replacement                                              ; On                 ; On                 ;
; Strict RAM Replacement                                                     ; Off                ; Off                ;
; Allow Synchronous Control Signals                                          ; On                 ; On                 ;
; Force Use of Synchronous Clear Signals                                     ; Off                ; Off                ;
; Auto RAM Block Balancing                                                   ; On                 ; On                 ;
; Auto RAM to Logic Cell Conversion                                          ; Off                ; Off                ;
; Auto Resource Sharing                                                      ; Off                ; Off                ;
; Allow Any RAM Size For Recognition                                         ; Off                ; Off                ;
; Allow Any ROM Size For Recognition                                         ; Off                ; Off                ;
; Allow Any Shift Register Size For Recognition                              ; Off                ; Off                ;
; Use LogicLock Constraints during Resource Balancing                        ; On                 ; On                 ;
; Ignore translate_off and synthesis_off directives                          ; Off                ; Off                ;
; Timing-Driven Synthesis                                                    ; Off                ; Off                ;
; Show Parameter Settings Tables in Synthesis Report                         ; On                 ; On                 ;
; Ignore Maximum Fan-Out Assignments                                         ; Off                ; Off                ;
; Synchronization Register Chain Length                                      ; 2                  ; 2                  ;
; PowerPlay Power Optimization                                               ; Normal compilation ; Normal compilation ;
; HDL message level                                                          ; Level2             ; Level2             ;
; Suppress Register Optimization Related Messages                            ; Off                ; Off                ;
; Number of Removed Registers Reported in Synthesis Report                   ; 5000               ; 5000               ;
; Number of Inverted Registers Reported in Synthesis Report                  ; 100                ; 100                ;
; Clock MUX Protection                                                       ; On                 ; On                 ;
; Auto Gated Clock Conversion                                                ; Off                ; Off                ;
; Block Design Naming                                                        ; Auto               ; Auto               ;
; SDC constraint protection                                                  ; Off                ; Off                ;
; Synthesis Effort                                                           ; Auto               ; Auto               ;
; Shift Register Replacement - Allow Asynchronous Clear Signal               ; On                 ; On                 ;
; Analysis & Synthesis Message Level                                         ; Medium             ; Medium             ;
; Disable Register Merging Across Hierarchies                                ; Auto               ; Auto               ;
; Resource Aware Inference For Block RAM                                     ; On                 ; On                 ;
+----------------------------------------------------------------------------+--------------------+--------------------+


Parallel compilation was disabled, but you have multiple processors available. Enable parallel compilation to reduce compilation time.
+-------------------------------------+
; Parallel Compilation                ;
+----------------------------+--------+
; Processors                 ; Number ;
+----------------------------+--------+
; Number detected on machine ; 4      ;
; Maximum allowed            ; 1      ;
+----------------------------+--------+


+-----------------------------------------------------------------------------------------------------------------------------------------------------------+
; Analysis & Synthesis Source Files Read                                                                                                                    ;
+----------------------------------+-----------------+------------------------------------+-----------------------------------------------------------------+
; File Name with User-Entered Path ; Used in Netlist ; File Type                          ; File Name with Absolute Path                                    ;
+----------------------------------+-----------------+------------------------------------+-----------------------------------------------------------------+
; lpm_bustri0.vhd                  ; yes             ; User Wizard-Generated File         ; D:/SIFO/cursach/lpm_bustri0.vhd                                 ;
; ALU.bdf                          ; yes             ; User Block Diagram/Schematic File  ; D:/SIFO/cursach/ALU.bdf                                         ;
; lpm_sub.vhd                      ; yes             ; User Wizard-Generated File         ; D:/SIFO/cursach/lpm_sub.vhd                                     ;
; lpm_xor.bdf                      ; yes             ; User Block Diagram/Schematic File  ; D:/SIFO/cursach/lpm_xor.bdf                                     ;
; lpm_nxor.bdf                     ; yes             ; User Block Diagram/Schematic File  ; D:/SIFO/cursach/lpm_nxor.bdf                                    ;
; shift.vhd                        ; yes             ; User Wizard-Generated File         ; D:/SIFO/cursach/shift.vhd                                       ;
; lpm_add_sub.tdf                  ; yes             ; Megafunction                       ; c:/altera/91sp2/quartus/libraries/megafunctions/lpm_add_sub.tdf ;
; db/add_sub_o6i.tdf               ; yes             ; Auto-Generated Megafunction        ; D:/SIFO/cursach/db/add_sub_o6i.tdf                              ;
; lpm_bustri.tdf                   ; yes             ; Megafunction                       ; c:/altera/91sp2/quartus/libraries/megafunctions/lpm_bustri.tdf  ;
; lpm_clshift.tdf                  ; yes             ; Megafunction                       ; c:/altera/91sp2/quartus/libraries/megafunctions/lpm_clshift.tdf ;
; db/lpm_clshift_iib.tdf           ; yes             ; Auto-Generated Megafunction        ; D:/SIFO/cursach/db/lpm_clshift_iib.tdf                          ;
+----------------------------------+-----------------+------------------------------------+-----------------------------------------------------------------+


+--------------------------------------------------------+
; Analysis & Synthesis Resource Usage Summary            ;
+-----------------------------------------------+--------+
; Resource                                      ; Usage  ;
+-----------------------------------------------+--------+
; Estimated ALUTs Used                          ; 88     ;
; Dedicated logic registers                     ; 0      ;
;                                               ;        ;
; Estimated ALUTs Unavailable                   ; 19     ;
;                                               ;        ;
; Total combinational functions                 ; 88     ;
; Combinational ALUT usage by number of inputs  ;        ;
;     -- 7 input functions                      ; 0      ;
;     -- 6 input functions                      ; 19     ;
;     -- 5 input functions                      ; 26     ;
;     -- 4 input functions                      ; 27     ;
;     -- <=3 input functions                    ; 16     ;
;                                               ;        ;
; Combinational ALUTs by mode                   ;        ;
;     -- normal mode                            ; 72     ;
;     -- extended LUT mode                      ; 0      ;
;     -- arithmetic mode                        ; 0      ;
;     -- shared arithmetic mode                 ; 16     ;
;                                               ;        ;
; Estimated ALUT/register pairs used            ; 107    ;
;                                               ;        ;
; Total registers                               ; 0      ;
;     -- Dedicated logic registers              ; 0      ;
;     -- I/O registers                          ; 0      ;
;                                               ;        ;
; Estimated ALMs:  partially or completely used ; 54     ;
;                                               ;        ;
; I/O pins                                      ; 50     ;
; Maximum fan-out node                          ; OP2[3] ;
; Maximum fan-out                               ; 28     ;
; Total fan-out                                 ; 428    ;
; Average fan-out                               ; 3.10   ;
+-----------------------------------------------+--------+


+----------------------------------------------------------------------------------------------------------------------------------------------------------------------------------------------------------------------------------------------------------------------------+
; Analysis & Synthesis Resource Utilization by Entity                                                                                                                                                                                                                        ;
+-------------------------------------------+-------------------+--------------+-------------------+--------------+---------+-----------+-----------+------+--------------+-----------------------------------------------------------------------------------+--------------+
; Compilation Hierarchy Node                ; LC Combinationals ; LC Registers ; Block Memory Bits ; DSP Elements ; DSP 9x9 ; DSP 18x18 ; DSP 36x36 ; Pins ; Virtual Pins ; Full Hierarchy Name                                                               ; Library Name ;
+-------------------------------------------+-------------------+--------------+-------------------+--------------+---------+-----------+-----------+------+--------------+-----------------------------------------------------------------------------------+--------------+
; |ALU                                      ; 88 (0)            ; 0 (0)        ; 0                 ; 0            ; 0       ; 0         ; 0         ; 50   ; 0            ; |ALU                                                                              ; work         ;
;    |lpm_bustri0:inst3|                    ; 35 (0)            ; 0 (0)        ; 0                 ; 0            ; 0       ; 0         ; 0         ; 0    ; 0            ; |ALU|lpm_bustri0:inst3                                                            ; work         ;
;       |lpm_bustri:lpm_bustri_component|   ; 35 (35)           ; 0 (0)        ; 0                 ; 0            ; 0       ; 0         ; 0         ; 0    ; 0            ; |ALU|lpm_bustri0:inst3|lpm_bustri:lpm_bustri_component                            ; work         ;
;    |lpm_bustri0:inst6|                    ; 22 (0)            ; 0 (0)        ; 0                 ; 0            ; 0       ; 0         ; 0         ; 0    ; 0            ; |ALU|lpm_bustri0:inst6                                                            ; work         ;
;       |lpm_bustri:lpm_bustri_component|   ; 22 (22)           ; 0 (0)        ; 0                 ; 0            ; 0       ; 0         ; 0         ; 0    ; 0            ; |ALU|lpm_bustri0:inst6|lpm_bustri:lpm_bustri_component                            ; work         ;
;    |lpm_sub:inst|                         ; 16 (0)            ; 0 (0)        ; 0                 ; 0            ; 0       ; 0         ; 0         ; 0    ; 0            ; |ALU|lpm_sub:inst                                                                 ;              ;
;       |lpm_add_sub:lpm_add_sub_component| ; 16 (0)            ; 0 (0)        ; 0                 ; 0            ; 0       ; 0         ; 0         ; 0    ; 0            ; |ALU|lpm_sub:inst|lpm_add_sub:lpm_add_sub_component                               ; work         ;
;          |add_sub_o6i:auto_generated|     ; 16 (16)           ; 0 (0)        ; 0                 ; 0            ; 0       ; 0         ; 0         ; 0    ; 0            ; |ALU|lpm_sub:inst|lpm_add_sub:lpm_add_sub_component|add_sub_o6i:auto_generated    ; work         ;
;    |shift:inst1|                          ; 15 (0)            ; 0 (0)        ; 0                 ; 0            ; 0       ; 0         ; 0         ; 0    ; 0            ; |ALU|shift:inst1                                                                  ; work         ;
;       |lpm_clshift:lpm_clshift_component| ; 15 (0)            ; 0 (0)        ; 0                 ; 0            ; 0       ; 0         ; 0         ; 0    ; 0            ; |ALU|shift:inst1|lpm_clshift:lpm_clshift_component                                ; work         ;
;          |lpm_clshift_iib:auto_generated| ; 15 (15)           ; 0 (0)        ; 0                 ; 0            ; 0       ; 0         ; 0         ; 0    ; 0            ; |ALU|shift:inst1|lpm_clshift:lpm_clshift_component|lpm_clshift_iib:auto_generated ;              ;
+-------------------------------------------+-------------------+--------------+-------------------+--------------+---------+-----------+-----------+------+--------------+-----------------------------------------------------------------------------------+--------------+
Note: For table entries with two numbers listed, the numbers in parentheses indicate the number of resources of the given type used by the specific entity alone. The numbers listed outside of parentheses indicate the total resources of the given type used by the specific entity and all of its sub-entities in the hierarchy.


+------------------------------------------------------+
; General Register Statistics                          ;
+----------------------------------------------+-------+
; Statistic                                    ; Value ;
+----------------------------------------------+-------+
; Total registers                              ; 0     ;
; Number of registers using Synchronous Clear  ; 0     ;
; Number of registers using Synchronous Load   ; 0     ;
; Number of registers using Asynchronous Clear ; 0     ;
; Number of registers using Asynchronous Load  ; 0     ;
; Number of registers using Clock Enable       ; 0     ;
; Number of registers using Preset             ; 0     ;
+----------------------------------------------+-------+


+---------------------------------------------------------------------------------------------+
; Parameter Settings for User Entity Instance: lpm_sub:inst|lpm_add_sub:lpm_add_sub_component ;
+------------------------+-------------+------------------------------------------------------+
; Parameter Name         ; Value       ; Type                                                 ;
+------------------------+-------------+------------------------------------------------------+
; LPM_WIDTH              ; 15          ; Signed Integer                                       ;
; LPM_REPRESENTATION     ; UNSIGNED    ; Untyped                                              ;
; LPM_DIRECTION          ; SUB         ; Untyped                                              ;
; ONE_INPUT_IS_CONSTANT  ; NO          ; Untyped                                              ;
; LPM_PIPELINE           ; 0           ; Untyped                                              ;
; MAXIMIZE_SPEED         ; 5           ; Untyped                                              ;
; REGISTERED_AT_END      ; 0           ; Untyped                                              ;
; OPTIMIZE_FOR_SPEED     ; 5           ; Untyped                                              ;
; USE_CS_BUFFERS         ; 1           ; Untyped                                              ;
; CARRY_CHAIN            ; MANUAL      ; Untyped                                              ;
; CARRY_CHAIN_LENGTH     ; 48          ; CARRY_CHAIN_LENGTH                                   ;
; DEVICE_FAMILY          ; Stratix II  ; Untyped                                              ;
; USE_WYS                ; OFF         ; Untyped                                              ;
; STYLE                  ; FAST        ; Untyped                                              ;
; CBXI_PARAMETER         ; add_sub_o6i ; Untyped                                              ;
; AUTO_CARRY_CHAINS      ; ON          ; AUTO_CARRY                                           ;
; IGNORE_CARRY_BUFFERS   ; OFF         ; IGNORE_CARRY                                         ;
; AUTO_CASCADE_CHAINS    ; ON          ; AUTO_CASCADE                                         ;
; IGNORE_CASCADE_BUFFERS ; OFF         ; IGNORE_CASCADE                                       ;
+------------------------+-------------+------------------------------------------------------+
Note: In order to hide this table in the UI and the text report file, please set the "Show Parameter Settings Tables in Synthesis Report" option in "Analysis and Synthesis Settings -> More Settings" to "Off".


+------------------------------------------------------------------------------------------------+
; Parameter Settings for User Entity Instance: lpm_bustri0:inst3|lpm_bustri:lpm_bustri_component ;
+----------------+-------+-----------------------------------------------------------------------+
; Parameter Name ; Value ; Type                                                                  ;
+----------------+-------+-----------------------------------------------------------------------+
; LPM_WIDTH      ; 15    ; Signed Integer                                                        ;
+----------------+-------+-----------------------------------------------------------------------+
Note: In order to hide this table in the UI and the text report file, please set the "Show Parameter Settings Tables in Synthesis Report" option in "Analysis and Synthesis Settings -> More Settings" to "Off".


+------------------------------------------------------------------------------------------------+
; Parameter Settings for User Entity Instance: lpm_bustri0:inst4|lpm_bustri:lpm_bustri_component ;
+----------------+-------+-----------------------------------------------------------------------+
; Parameter Name ; Value ; Type                                                                  ;
+----------------+-------+-----------------------------------------------------------------------+
; LPM_WIDTH      ; 15    ; Signed Integer                                                        ;
+----------------+-------+-----------------------------------------------------------------------+
Note: In order to hide this table in the UI and the text report file, please set the "Show Parameter Settings Tables in Synthesis Report" option in "Analysis and Synthesis Settings -> More Settings" to "Off".


+------------------------------------------------------------------------------------------------+
; Parameter Settings for User Entity Instance: lpm_bustri0:inst5|lpm_bustri:lpm_bustri_component ;
+----------------+-------+-----------------------------------------------------------------------+
; Parameter Name ; Value ; Type                                                                  ;
+----------------+-------+-----------------------------------------------------------------------+
; LPM_WIDTH      ; 15    ; Signed Integer                                                        ;
+----------------+-------+-----------------------------------------------------------------------+
Note: In order to hide this table in the UI and the text report file, please set the "Show Parameter Settings Tables in Synthesis Report" option in "Analysis and Synthesis Settings -> More Settings" to "Off".


+------------------------------------------------------------------------------------------------+
; Parameter Settings for User Entity Instance: lpm_bustri0:inst6|lpm_bustri:lpm_bustri_component ;
+----------------+-------+-----------------------------------------------------------------------+
; Parameter Name ; Value ; Type                                                                  ;
+----------------+-------+-----------------------------------------------------------------------+
; LPM_WIDTH      ; 15    ; Signed Integer                                                        ;
+----------------+-------+-----------------------------------------------------------------------+
Note: In order to hide this table in the UI and the text report file, please set the "Show Parameter Settings Tables in Synthesis Report" option in "Analysis and Synthesis Settings -> More Settings" to "Off".


+--------------------------------------------------------------------------------------------+
; Parameter Settings for User Entity Instance: shift:inst1|lpm_clshift:lpm_clshift_component ;
+----------------+-----------------+---------------------------------------------------------+
; Parameter Name ; Value           ; Type                                                    ;
+----------------+-----------------+---------------------------------------------------------+
; LPM_PIPELINE   ; 0               ; Untyped                                                 ;
; LPM_SHIFTTYPE  ; ROTATE          ; Untyped                                                 ;
; LPM_WIDTH      ; 15              ; Signed Integer                                          ;
; LPM_WIDTHDIST  ; 4               ; Signed Integer                                          ;
; CBXI_PARAMETER ; lpm_clshift_iib ; Untyped                                                 ;
+----------------+-----------------+---------------------------------------------------------+
Note: In order to hide this table in the UI and the text report file, please set the "Show Parameter Settings Tables in Synthesis Report" option in "Analysis and Synthesis Settings -> More Settings" to "Off".


+-------------------------------+
; Analysis & Synthesis Messages ;
+-------------------------------+
Info: *******************************************************************
Info: Running Quartus II Analysis & Synthesis
    Info: Version 9.1 Build 350 03/24/2010 Service Pack 2 SJ Web Edition
    Info: Processing started: Mon May 15 10:28:17 2017
Info: Command: quartus_map --read_settings_files=on --write_settings_files=off cursach -c cursach
Info: Found 1 design units, including 1 entities, in source file loadop2.bdf
    Info: Found entity 1: loadOP2
Info: Found 1 design units, including 1 entities, in source file loadop1.bdf
    Info: Found entity 1: loadOP1
Info: Found 1 design units, including 1 entities, in source file registers.bdf
    Info: Found entity 1: registers
Info: Found 1 design units, including 1 entities, in source file memory.bdf
    Info: Found entity 1: memory
Info: Found 1 design units, including 1 entities, in source file cursach.bdf
    Info: Found entity 1: cursach
Info: Found 2 design units, including 1 entities, in source file lpm_bustri0.vhd
    Info: Found design unit 1: lpm_bustri0-SYN
    Info: Found entity 1: lpm_bustri0
Info: Found 2 design units, including 1 entities, in source file lpm_bustri1.vhd
    Info: Found design unit 1: lpm_bustri1-SYN
    Info: Found entity 1: lpm_bustri1
Info: Found 1 design units, including 1 entities, in source file cpu.bdf
    Info: Found entity 1: cpu
Info: Found 2 design units, including 1 entities, in source file lpm_reg.vhd
    Info: Found design unit 1: lpm_reg-SYN
    Info: Found entity 1: lpm_reg
Info: Found 2 design units, including 1 entities, in source file lpm_decode0.vhd
    Info: Found design unit 1: lpm_decode0-SYN
    Info: Found entity 1: lpm_decode0
Info: Found 1 design units, including 1 entities, in source file comretr.bdf
    Info: Found entity 1: ComRetr
Info: Found 2 design units, including 1 entities, in source file counter.vhd
    Info: Found design unit 1: counter-SYN
    Info: Found entity 1: counter
Info: Found 2 design units, including 1 entities, in source file instruct.vhd
    Info: Found design unit 1: instruct-SYN
    Info: Found entity 1: instruct
Info: Found 2 design units, including 1 entities, in source file reg.vhd
    Info: Found design unit 1: reg-SYN
    Info: Found entity 1: reg
Info: Found 2 design units, including 1 entities, in source file addr.vhd
    Info: Found design unit 1: addr-SYN
    Info: Found entity 1: addr
Info: Found 2 design units, including 1 entities, in source file lpm_counterdca.vhd
    Info: Found design unit 1: lpm_counterdca-SYN
    Info: Found entity 1: lpm_counterDCA
Info: Found 2 design units, including 1 entities, in source file lpm_decodedca.vhd
    Info: Found design unit 1: lpm_decodedca-SYN
    Info: Found entity 1: lpm_decodeDCA
Info: Found 2 design units, including 1 entities, in source file lpm_bustri2.vhd
    Info: Found design unit 1: lpm_bustri2-SYN
    Info: Found entity 1: lpm_bustri2
Info: Found 2 design units, including 1 entities, in source file lpm_bustri3.vhd
    Info: Found design unit 1: lpm_bustri3-SYN
    Info: Found entity 1: lpm_bustri3
Info: Found 1 design units, including 1 entities, in source file saveres.bdf
    Info: Found entity 1: saveRes
Info: Found 2 design units, including 1 entities, in source file lpm_decode1.vhd
    Info: Found design unit 1: lpm_decode1-SYN
    Info: Found entity 1: lpm_decode1
Info: Found 2 design units, including 1 entities, in source file lpm_decode2.vhd
    Info: Found design unit 1: lpm_decode2-SYN
    Info: Found entity 1: lpm_decode2
Info: Found 2 design units, including 1 entities, in source file lpm_compare0.vhd
    Info: Found design unit 1: lpm_compare0-SYN
    Info: Found entity 1: lpm_compare0
Info: Found 2 design units, including 1 entities, in source file lpm_compare1.vhd
    Info: Found design unit 1: lpm_compare1-SYN
    Info: Found entity 1: lpm_compare1
Info: Found 1 design units, including 1 entities, in source file execute.bdf
    Info: Found entity 1: execute
Info: Found 1 design units, including 1 entities, in source file stack.bdf
    Info: Found entity 1: stack
Info: Found 2 design units, including 1 entities, in source file lpm_counterstak.vhd
    Info: Found design unit 1: lpm_counterstak-SYN
    Info: Found entity 1: lpm_counterStak
Info: Found 2 design units, including 1 entities, in source file lpm_compare2.vhd
    Info: Found design unit 1: lpm_compare2-SYN
    Info: Found entity 1: lpm_compare2
Info: Found 2 design units, including 1 entities, in source file lpm_bustri4.vhd
    Info: Found design unit 1: lpm_bustri4-SYN
    Info: Found entity 1: lpm_bustri4
Info: Found 2 design units, including 1 entities, in source file lpm_decode3.vhd
    Info: Found design unit 1: lpm_decode3-SYN
    Info: Found entity 1: lpm_decode3
Info: Found 2 design units, including 1 entities, in source file lpm_compare3.vhd
    Info: Found design unit 1: lpm_compare3-SYN
    Info: Found entity 1: lpm_compare3
Info: Found 2 design units, including 1 entities, in source file lpm_decode4.vhd
    Info: Found design unit 1: lpm_decode4-SYN
    Info: Found entity 1: lpm_decode4
Info: Found 1 design units, including 1 entities, in source file alu.bdf
    Info: Found entity 1: ALU
Info: Found 2 design units, including 1 entities, in source file lpm_sub.vhd
    Info: Found design unit 1: lpm_sub-SYN
    Info: Found entity 1: lpm_sub
Info: Found 2 design units, including 1 entities, in source file lpm_decode5.vhd
    Info: Found design unit 1: lpm_decode5-SYN
    Info: Found entity 1: lpm_decode5
Warning: Entity "lpm_xor" obtained from "D:/SIFO/cursach/lpm_xor.bdf" instead of from Quartus II megafunction library
Info: Found 1 design units, including 1 entities, in source file lpm_xor.bdf
    Info: Found entity 1: lpm_xor
Info: Found 1 design units, including 1 entities, in source file lpm_nxor.bdf
    Info: Found entity 1: lpm_nxor
Info: Found 2 design units, including 1 entities, in source file shift.vhd
    Info: Found design unit 1: shift-SYN
    Info: Found entity 1: shift
Info: Elaborating entity "ALU" for the top level hierarchy
Info: Elaborating entity "lpm_sub" for hierarchy "lpm_sub:inst"
Info: Elaborating entity "lpm_add_sub" for hierarchy "lpm_sub:inst|lpm_add_sub:lpm_add_sub_component"
Info: Elaborated megafunction instantiation "lpm_sub:inst|lpm_add_sub:lpm_add_sub_component"
Info: Instantiated megafunction "lpm_sub:inst|lpm_add_sub:lpm_add_sub_component" with the following parameter:
    Info: Parameter "lpm_direction" = "SUB"
    Info: Parameter "lpm_hint" = "ONE_INPUT_IS_CONSTANT=NO,CIN_USED=NO"
    Info: Parameter "lpm_representation" = "UNSIGNED"
    Info: Parameter "lpm_type" = "LPM_ADD_SUB"
    Info: Parameter "lpm_width" = "15"
Info: Found 1 design units, including 1 entities, in source file db/add_sub_o6i.tdf
    Info: Found entity 1: add_sub_o6i
Info: Elaborating entity "add_sub_o6i" for hierarchy "lpm_sub:inst|lpm_add_sub:lpm_add_sub_component|add_sub_o6i:auto_generated"
Info: Elaborating entity "lpm_bustri0" for hierarchy "lpm_bustri0:inst3"
Info: Elaborating entity "lpm_bustri" for hierarchy "lpm_bustri0:inst3|lpm_bustri:lpm_bustri_component"
Info: Elaborated megafunction instantiation "lpm_bustri0:inst3|lpm_bustri:lpm_bustri_component"
Info: Instantiated megafunction "lpm_bustri0:inst3|lpm_bustri:lpm_bustri_component" with the following parameter:
    Info: Parameter "lpm_type" = "LPM_BUSTRI"
    Info: Parameter "lpm_width" = "15"
Info: Elaborating entity "lpm_xor" for hierarchy "lpm_xor:inst9"
Info: Elaborating entity "lpm_nxor" for hierarchy "lpm_nxor:inst10"
Info: Elaborating entity "shift" for hierarchy "shift:inst1"
Info: Elaborating entity "lpm_clshift" for hierarchy "shift:inst1|lpm_clshift:lpm_clshift_component"
Info: Elaborated megafunction instantiation "shift:inst1|lpm_clshift:lpm_clshift_component"
Info: Instantiated megafunction "shift:inst1|lpm_clshift:lpm_clshift_component" with the following parameter:
    Info: Parameter "lpm_shifttype" = "ROTATE"
    Info: Parameter "lpm_type" = "LPM_CLSHIFT"
    Info: Parameter "lpm_width" = "15"
    Info: Parameter "lpm_widthdist" = "4"
Info: Found 1 design units, including 1 entities, in source file db/lpm_clshift_iib.tdf
    Info: Found entity 1: lpm_clshift_iib
Info: Elaborating entity "lpm_clshift_iib" for hierarchy "shift:inst1|lpm_clshift:lpm_clshift_component|lpm_clshift_iib:auto_generated"
Info: Implemented 138 device resources after synthesis - the final resource count might be different
    Info: Implemented 34 input pins
    Info: Implemented 16 output pins
    Info: Implemented 88 logic cells
Info: Quartus II Analysis & Synthesis was successful. 0 errors, 1 warning
    Info: Peak virtual memory: 258 megabytes
    Info: Processing ended: Mon May 15 10:28:21 2017
    Info: Elapsed time: 00:00:04
    Info: Total CPU time (on all processors): 00:00:02


