Analysis & Synthesis report for curs
Sat May 13 19:55:41 2017
Quartus II Version 9.1 Build 350 03/24/2010 Service Pack 2 SJ Web Edition


---------------------
; Table of Contents ;
---------------------
  1. Legal Notice
  2. Analysis & Synthesis Summary
  3. Analysis & Synthesis Settings
  4. Parallel Compilation
  5. Analysis & Synthesis Source Files Read
  6. Analysis & Synthesis Resource Usage Summary
  7. Analysis & Synthesis Resource Utilization by Entity
  8. Analysis & Synthesis RAM Summary
  9. Registers Removed During Synthesis
 10. General Register Statistics
 11. Source assignments for cpu:inst1|lpm_counterDCA:inst|lpm_counter:lpm_counter_component
 12. Source assignments for cpu:inst1|ComRetr:inst3|counter:inst|lpm_counter:lpm_counter_component
 13. Source assignments for cpu:inst1|ComRetr:inst3|lpm_counter0:inst5|lpm_counter:lpm_counter_component
 14. Source assignments for memory:inst|LPM_ROM:inst|altrom:srom|altsyncram:rom_block|altsyncram_8001:auto_generated
 15. Source assignments for memory:inst|LPM_RAM_IO:inst1|altram:sram|altsyncram:ram_block|altsyncram_ii91:auto_generated
 16. Parameter Settings for User Entity Instance: cpu:inst1|lpm_decode0:inst6|lpm_decode:lpm_decode_component
 17. Parameter Settings for User Entity Instance: cpu:inst1|lpm_counterDCA:inst|lpm_counter:lpm_counter_component
 18. Parameter Settings for User Entity Instance: cpu:inst1|ComRetr:inst3|counter:inst|lpm_counter:lpm_counter_component
 19. Parameter Settings for User Entity Instance: cpu:inst1|ComRetr:inst3|first_part:inst3|lpm_ff:lpm_ff_component
 20. Parameter Settings for User Entity Instance: cpu:inst1|ComRetr:inst3|lpm_decode1:inst6|lpm_decode:lpm_decode_component
 21. Parameter Settings for User Entity Instance: cpu:inst1|ComRetr:inst3|lpm_counter0:inst5|lpm_counter:lpm_counter_component
 22. Parameter Settings for User Entity Instance: cpu:inst1|ComRetr:inst3|first_part:inst4|lpm_ff:lpm_ff_component
 23. Parameter Settings for User Entity Instance: memory:inst|lpm_bustri0:inst4|lpm_bustri:lpm_bustri_component
 24. Parameter Settings for User Entity Instance: memory:inst|LPM_ROM:inst
 25. Parameter Settings for User Entity Instance: memory:inst|lpm_bustri1:inst5|lpm_bustri:lpm_bustri_component
 26. Parameter Settings for User Entity Instance: memory:inst|LPM_RAM_IO:inst1
 27. Analysis & Synthesis Messages



----------------
; Legal Notice ;
----------------
Copyright (C) 1991-2010 Altera Corporation
Your use of Altera Corporation's design tools, logic functions 
and other software and tools, and its AMPP partner logic 
functions, and any output files from any of the foregoing 
(including device programming or simulation files), and any 
associated documentation or information are expressly subject 
to the terms and conditions of the Altera Program License 
Subscription Agreement, Altera MegaCore Function License 
Agreement, or other applicable license agreement, including, 
without limitation, that your use is for the sole purpose of 
programming logic devices manufactured by Altera and sold by 
Altera or its authorized distributors.  Please refer to the 
applicable agreement for further details.



+------------------------------------------------------------------------------+
; Analysis & Synthesis Summary                                                 ;
+-------------------------------+----------------------------------------------+
; Analysis & Synthesis Status   ; Successful - Sat May 13 19:55:41 2017        ;
; Quartus II Version            ; 9.1 Build 350 03/24/2010 SP 2 SJ Web Edition ;
; Revision Name                 ; curs                                         ;
; Top-level Entity Name         ; curs                                         ;
; Family                        ; Stratix II                                   ;
; Logic utilization             ; N/A                                          ;
;     Combinational ALUTs       ; 56                                           ;
;     Dedicated logic registers ; 49                                           ;
; Total registers               ; 49                                           ;
; Total pins                    ; 33                                           ;
; Total virtual pins            ; 0                                            ;
; Total block memory bits       ; 245,760                                      ;
; DSP block 9-bit elements      ; 0                                            ;
; Total PLLs                    ; 0                                            ;
; Total DLLs                    ; 0                                            ;
+-------------------------------+----------------------------------------------+


+----------------------------------------------------------------------------------------------------------------------+
; Analysis & Synthesis Settings                                                                                        ;
+----------------------------------------------------------------------------+--------------------+--------------------+
; Option                                                                     ; Setting            ; Default Value      ;
+----------------------------------------------------------------------------+--------------------+--------------------+
; Top-level entity name                                                      ; curs               ; curs               ;
; Family name                                                                ; Stratix II         ; Stratix II         ;
; Use Generated Physical Constraints File                                    ; Off                ;                    ;
; Use smart compilation                                                      ; Off                ; Off                ;
; Enable parallel Assembler and TimeQuest Timing Analyzer during compilation ; On                 ; On                 ;
; Enable compact report table                                                ; Off                ; Off                ;
; Restructure Multiplexers                                                   ; Auto               ; Auto               ;
; Create Debugging Nodes for IP Cores                                        ; Off                ; Off                ;
; Preserve fewer node names                                                  ; On                 ; On                 ;
; Disable OpenCore Plus hardware evaluation                                  ; Off                ; Off                ;
; Verilog Version                                                            ; Verilog_2001       ; Verilog_2001       ;
; VHDL Version                                                               ; VHDL_1993          ; VHDL_1993          ;
; State Machine Processing                                                   ; Auto               ; Auto               ;
; Safe State Machine                                                         ; Off                ; Off                ;
; Extract Verilog State Machines                                             ; On                 ; On                 ;
; Extract VHDL State Machines                                                ; On                 ; On                 ;
; Ignore Verilog initial constructs                                          ; Off                ; Off                ;
; Iteration limit for constant Verilog loops                                 ; 5000               ; 5000               ;
; Iteration limit for non-constant Verilog loops                             ; 250                ; 250                ;
; Add Pass-Through Logic to Inferred RAMs                                    ; On                 ; On                 ;
; Parallel Synthesis                                                         ; On                 ; On                 ;
; DSP Block Balancing                                                        ; Auto               ; Auto               ;
; NOT Gate Push-Back                                                         ; On                 ; On                 ;
; Power-Up Don't Care                                                        ; On                 ; On                 ;
; Remove Redundant Logic Cells                                               ; Off                ; Off                ;
; Remove Duplicate Registers                                                 ; On                 ; On                 ;
; Ignore CARRY Buffers                                                       ; Off                ; Off                ;
; Ignore CASCADE Buffers                                                     ; Off                ; Off                ;
; Ignore GLOBAL Buffers                                                      ; Off                ; Off                ;
; Ignore ROW GLOBAL Buffers                                                  ; Off                ; Off                ;
; Ignore LCELL Buffers                                                       ; Off                ; Off                ;
; Ignore SOFT Buffers                                                        ; On                 ; On                 ;
; Limit AHDL Integers to 32 Bits                                             ; Off                ; Off                ;
; Optimization Technique                                                     ; Balanced           ; Balanced           ;
; Carry Chain Length                                                         ; 70                 ; 70                 ;
; Auto Carry Chains                                                          ; On                 ; On                 ;
; Auto Open-Drain Pins                                                       ; On                 ; On                 ;
; Perform WYSIWYG Primitive Resynthesis                                      ; Off                ; Off                ;
; Auto ROM Replacement                                                       ; On                 ; On                 ;
; Auto RAM Replacement                                                       ; On                 ; On                 ;
; Auto DSP Block Replacement                                                 ; On                 ; On                 ;
; Auto Shift Register Replacement                                            ; Auto               ; Auto               ;
; Auto Clock Enable Replacement                                              ; On                 ; On                 ;
; Strict RAM Replacement                                                     ; Off                ; Off                ;
; Allow Synchronous Control Signals                                          ; On                 ; On                 ;
; Force Use of Synchronous Clear Signals                                     ; Off                ; Off                ;
; Auto RAM Block Balancing                                                   ; On                 ; On                 ;
; Auto RAM to Logic Cell Conversion                                          ; Off                ; Off                ;
; Auto Resource Sharing                                                      ; Off                ; Off                ;
; Allow Any RAM Size For Recognition                                         ; Off                ; Off                ;
; Allow Any ROM Size For Recognition                                         ; Off                ; Off                ;
; Allow Any Shift Register Size For Recognition                              ; Off                ; Off                ;
; Use LogicLock Constraints during Resource Balancing                        ; On                 ; On                 ;
; Ignore translate_off and synthesis_off directives                          ; Off                ; Off                ;
; Timing-Driven Synthesis                                                    ; Off                ; Off                ;
; Show Parameter Settings Tables in Synthesis Report                         ; On                 ; On                 ;
; Ignore Maximum Fan-Out Assignments                                         ; Off                ; Off                ;
; Synchronization Register Chain Length                                      ; 2                  ; 2                  ;
; PowerPlay Power Optimization                                               ; Normal compilation ; Normal compilation ;
; HDL message level                                                          ; Level2             ; Level2             ;
; Suppress Register Optimization Related Messages                            ; Off                ; Off                ;
; Number of Removed Registers Reported in Synthesis Report                   ; 5000               ; 5000               ;
; Number of Inverted Registers Reported in Synthesis Report                  ; 100                ; 100                ;
; Clock MUX Protection                                                       ; On                 ; On                 ;
; Auto Gated Clock Conversion                                                ; Off                ; Off                ;
; Block Design Naming                                                        ; Auto               ; Auto               ;
; SDC constraint protection                                                  ; Off                ; Off                ;
; Synthesis Effort                                                           ; Auto               ; Auto               ;
; Shift Register Replacement - Allow Asynchronous Clear Signal               ; On                 ; On                 ;
; Analysis & Synthesis Message Level                                         ; Medium             ; Medium             ;
; Disable Register Merging Across Hierarchies                                ; Auto               ; Auto               ;
; Resource Aware Inference For Block RAM                                     ; On                 ; On                 ;
+----------------------------------------------------------------------------+--------------------+--------------------+


Parallel compilation was disabled, but you have multiple processors available. Enable parallel compilation to reduce compilation time.
+-------------------------------------+
; Parallel Compilation                ;
+----------------------------+--------+
; Processors                 ; Number ;
+----------------------------+--------+
; Number detected on machine ; 4      ;
; Maximum allowed            ; 1      ;
+----------------------------+--------+


+--------------------------------------------------------------------------------------------------------------------------------------------------------------+
; Analysis & Synthesis Source Files Read                                                                                                                       ;
+----------------------------------+-----------------+---------------------------------------+-----------------------------------------------------------------+
; File Name with User-Entered Path ; Used in Netlist ; File Type                             ; File Name with Absolute Path                                    ;
+----------------------------------+-----------------+---------------------------------------+-----------------------------------------------------------------+
; curs.bdf                         ; yes             ; User Block Diagram/Schematic File     ; C:/altera/91sp2/quartus/curs/curs.bdf                           ;
; memory.bdf                       ; yes             ; User Block Diagram/Schematic File     ; C:/altera/91sp2/quartus/curs/memory.bdf                         ;
; lpm_bustri0.vhd                  ; yes             ; User Wizard-Generated File            ; C:/altera/91sp2/quartus/curs/lpm_bustri0.vhd                    ;
; lpm_bustri1.vhd                  ; yes             ; User Wizard-Generated File            ; C:/altera/91sp2/quartus/curs/lpm_bustri1.vhd                    ;
; ROM.hex                          ; yes             ; User Hexadecimal (Intel-Format) File  ; C:/altera/91sp2/quartus/curs/ROM.hex                            ;
; RAM.hex                          ; yes             ; User Hexadecimal (Intel-Format) File  ; C:/altera/91sp2/quartus/curs/RAM.hex                            ;
; cpu.bdf                          ; yes             ; User Block Diagram/Schematic File     ; C:/altera/91sp2/quartus/curs/cpu.bdf                            ;
; lpm_counterDCA.vhd               ; yes             ; User Wizard-Generated File            ; C:/altera/91sp2/quartus/curs/lpm_counterDCA.vhd                 ;
; ComRetr.bdf                      ; yes             ; User Block Diagram/Schematic File     ; C:/altera/91sp2/quartus/curs/ComRetr.bdf                        ;
; lpm_decode0.vhd                  ; yes             ; User Wizard-Generated File            ; C:/altera/91sp2/quartus/curs/lpm_decode0.vhd                    ;
; counter.vhd                      ; yes             ; User Wizard-Generated File            ; C:/altera/91sp2/quartus/curs/counter.vhd                        ;
; first_part.vhd                   ; yes             ; User Wizard-Generated File            ; C:/altera/91sp2/quartus/curs/first_part.vhd                     ;
; ../Lab4/lpm_counter0.vhd         ; yes             ; User Wizard-Generated File            ; C:/altera/91sp2/quartus/Lab4/lpm_counter0.vhd                   ;
; ../Lab4/lpm_decode1.vhd          ; yes             ; User Wizard-Generated File            ; C:/altera/91sp2/quartus/Lab4/lpm_decode1.vhd                    ;
; lpm_decode.tdf                   ; yes             ; Megafunction                          ; c:/altera/91sp2/quartus/libraries/megafunctions/lpm_decode.tdf  ;
; db/decode_u7f.tdf                ; yes             ; Auto-Generated Megafunction           ; C:/altera/91sp2/quartus/curs/db/decode_u7f.tdf                  ;
; lpm_counter.tdf                  ; yes             ; Megafunction                          ; c:/altera/91sp2/quartus/libraries/megafunctions/lpm_counter.tdf ;
; db/cntr_tvi.tdf                  ; yes             ; Auto-Generated Megafunction           ; C:/altera/91sp2/quartus/curs/db/cntr_tvi.tdf                    ;
; db/cmpr_9dc.tdf                  ; yes             ; Auto-Generated Megafunction           ; C:/altera/91sp2/quartus/curs/db/cmpr_9dc.tdf                    ;
; db/cntr_4bj.tdf                  ; yes             ; Auto-Generated Megafunction           ; C:/altera/91sp2/quartus/curs/db/cntr_4bj.tdf                    ;
; lpm_ff.tdf                       ; yes             ; Megafunction                          ; c:/altera/91sp2/quartus/libraries/megafunctions/lpm_ff.tdf      ;
; db/decode_m7f.tdf                ; yes             ; Auto-Generated Megafunction           ; C:/altera/91sp2/quartus/curs/db/decode_m7f.tdf                  ;
; db/cntr_3ai.tdf                  ; yes             ; Auto-Generated Megafunction           ; C:/altera/91sp2/quartus/curs/db/cntr_3ai.tdf                    ;
; lpm_bustri.tdf                   ; yes             ; Megafunction                          ; c:/altera/91sp2/quartus/libraries/megafunctions/lpm_bustri.tdf  ;
; lpm_rom.tdf                      ; yes             ; Megafunction                          ; c:/altera/91sp2/quartus/libraries/megafunctions/lpm_rom.tdf     ;
; altrom.tdf                       ; yes             ; Megafunction                          ; c:/altera/91sp2/quartus/libraries/megafunctions/altrom.tdf      ;
; altsyncram.tdf                   ; yes             ; Megafunction                          ; c:/altera/91sp2/quartus/libraries/megafunctions/altsyncram.tdf  ;
; db/altsyncram_8001.tdf           ; yes             ; Auto-Generated Megafunction           ; C:/altera/91sp2/quartus/curs/db/altsyncram_8001.tdf             ;
; db/decode_3pa.tdf                ; yes             ; Auto-Generated Megafunction           ; C:/altera/91sp2/quartus/curs/db/decode_3pa.tdf                  ;
; db/mux_1lb.tdf                   ; yes             ; Auto-Generated Megafunction           ; C:/altera/91sp2/quartus/curs/db/mux_1lb.tdf                     ;
; lpm_ram_io.tdf                   ; yes             ; Megafunction                          ; c:/altera/91sp2/quartus/libraries/megafunctions/lpm_ram_io.tdf  ;
; altram.tdf                       ; yes             ; Megafunction                          ; c:/altera/91sp2/quartus/libraries/megafunctions/altram.tdf      ;
; db/altsyncram_ii91.tdf           ; yes             ; Auto-Generated Megafunction           ; C:/altera/91sp2/quartus/curs/db/altsyncram_ii91.tdf             ;
+----------------------------------+-----------------+---------------------------------------+-----------------------------------------------------------------+


+--------------------------------------------------------+
; Analysis & Synthesis Resource Usage Summary            ;
+-----------------------------------------------+--------+
; Resource                                      ; Usage  ;
+-----------------------------------------------+--------+
; Estimated ALUTs Used                          ; 56     ;
; Dedicated logic registers                     ; 49     ;
;                                               ;        ;
; Estimated ALUTs Unavailable                   ; 20     ;
;                                               ;        ;
; Total combinational functions                 ; 56     ;
; Combinational ALUT usage by number of inputs  ;        ;
;     -- 7 input functions                      ; 0      ;
;     -- 6 input functions                      ; 30     ;
;     -- 5 input functions                      ; 2      ;
;     -- 4 input functions                      ; 3      ;
;     -- <=3 input functions                    ; 21     ;
;                                               ;        ;
; Combinational ALUTs by mode                   ;        ;
;     -- normal mode                            ; 38     ;
;     -- extended LUT mode                      ; 0      ;
;     -- arithmetic mode                        ; 18     ;
;     -- shared arithmetic mode                 ; 0      ;
;                                               ;        ;
; Estimated ALUT/register pairs used            ; 88     ;
;                                               ;        ;
; Total registers                               ; 49     ;
;     -- Dedicated logic registers              ; 49     ;
;     -- I/O registers                          ; 0      ;
;                                               ;        ;
; Estimated ALMs:  partially or completely used ; 44     ;
;                                               ;        ;
; I/O pins                                      ; 33     ;
; Total block memory bits                       ; 245760 ;
; Maximum fan-out node                          ; clk    ;
; Maximum fan-out                               ; 79     ;
; Total fan-out                                 ; 1288   ;
; Average fan-out                               ; 6.51   ;
+-----------------------------------------------+--------+


+----------------------------------------------------------------------------------------------------------------------------------------------------------------------------------------------------------------------------------------------------------------------------------------------------------------------+
; Analysis & Synthesis Resource Utilization by Entity                                                                                                                                                                                                                                                                  ;
+-------------------------------------------------+-------------------+--------------+-------------------+--------------+---------+-----------+-----------+------+--------------+-----------------------------------------------------------------------------------------------------------------------+--------------+
; Compilation Hierarchy Node                      ; LC Combinationals ; LC Registers ; Block Memory Bits ; DSP Elements ; DSP 9x9 ; DSP 18x18 ; DSP 36x36 ; Pins ; Virtual Pins ; Full Hierarchy Name                                                                                                   ; Library Name ;
+-------------------------------------------------+-------------------+--------------+-------------------+--------------+---------+-----------+-----------+------+--------------+-----------------------------------------------------------------------------------------------------------------------+--------------+
; |curs                                           ; 56 (1)            ; 49 (0)       ; 245760            ; 0            ; 0       ; 0         ; 0         ; 33   ; 0            ; |curs                                                                                                                 ; work         ;
;    |cpu:inst1|                                  ; 21 (1)            ; 48 (0)       ; 0                 ; 0            ; 0       ; 0         ; 0         ; 0    ; 0            ; |curs|cpu:inst1                                                                                                       ;              ;
;       |ComRetr:inst3|                           ; 15 (0)            ; 45 (0)       ; 0                 ; 0            ; 0       ; 0         ; 0         ; 0    ; 0            ; |curs|cpu:inst1|ComRetr:inst3                                                                                         ; work         ;
;          |counter:inst|                         ; 14 (0)            ; 14 (0)       ; 0                 ; 0            ; 0       ; 0         ; 0         ; 0    ; 0            ; |curs|cpu:inst1|ComRetr:inst3|counter:inst                                                                            ; work         ;
;             |lpm_counter:lpm_counter_component| ; 14 (0)            ; 14 (0)       ; 0                 ; 0            ; 0       ; 0         ; 0         ; 0    ; 0            ; |curs|cpu:inst1|ComRetr:inst3|counter:inst|lpm_counter:lpm_counter_component                                          ; work         ;
;                |cntr_4bj:auto_generated|        ; 14 (14)           ; 14 (14)      ; 0                 ; 0            ; 0       ; 0         ; 0         ; 0    ; 0            ; |curs|cpu:inst1|ComRetr:inst3|counter:inst|lpm_counter:lpm_counter_component|cntr_4bj:auto_generated                  ; work         ;
;          |first_part:inst3|                     ; 0 (0)             ; 15 (0)       ; 0                 ; 0            ; 0       ; 0         ; 0         ; 0    ; 0            ; |curs|cpu:inst1|ComRetr:inst3|first_part:inst3                                                                        ; work         ;
;             |lpm_ff:lpm_ff_component|           ; 0 (0)             ; 15 (15)      ; 0                 ; 0            ; 0       ; 0         ; 0         ; 0    ; 0            ; |curs|cpu:inst1|ComRetr:inst3|first_part:inst3|lpm_ff:lpm_ff_component                                                ; work         ;
;          |first_part:inst4|                     ; 0 (0)             ; 15 (0)       ; 0                 ; 0            ; 0       ; 0         ; 0         ; 0    ; 0            ; |curs|cpu:inst1|ComRetr:inst3|first_part:inst4                                                                        ;              ;
;             |lpm_ff:lpm_ff_component|           ; 0 (0)             ; 15 (15)      ; 0                 ; 0            ; 0       ; 0         ; 0         ; 0    ; 0            ; |curs|cpu:inst1|ComRetr:inst3|first_part:inst4|lpm_ff:lpm_ff_component                                                ; work         ;
;          |lpm_counter0:inst5|                   ; 1 (0)             ; 1 (0)        ; 0                 ; 0            ; 0       ; 0         ; 0         ; 0    ; 0            ; |curs|cpu:inst1|ComRetr:inst3|lpm_counter0:inst5                                                                      ; work         ;
;             |lpm_counter:lpm_counter_component| ; 1 (0)             ; 1 (0)        ; 0                 ; 0            ; 0       ; 0         ; 0         ; 0    ; 0            ; |curs|cpu:inst1|ComRetr:inst3|lpm_counter0:inst5|lpm_counter:lpm_counter_component                                    ;              ;
;                |cntr_3ai:auto_generated|        ; 1 (1)             ; 1 (1)        ; 0                 ; 0            ; 0       ; 0         ; 0         ; 0    ; 0            ; |curs|cpu:inst1|ComRetr:inst3|lpm_counter0:inst5|lpm_counter:lpm_counter_component|cntr_3ai:auto_generated            ; work         ;
;       |lpm_counterDCA:inst|                     ; 5 (0)             ; 3 (0)        ; 0                 ; 0            ; 0       ; 0         ; 0         ; 0    ; 0            ; |curs|cpu:inst1|lpm_counterDCA:inst                                                                                   ; work         ;
;          |lpm_counter:lpm_counter_component|    ; 5 (0)             ; 3 (0)        ; 0                 ; 0            ; 0       ; 0         ; 0         ; 0    ; 0            ; |curs|cpu:inst1|lpm_counterDCA:inst|lpm_counter:lpm_counter_component                                                 ; work         ;
;             |cntr_tvi:auto_generated|           ; 5 (5)             ; 3 (3)        ; 0                 ; 0            ; 0       ; 0         ; 0         ; 0    ; 0            ; |curs|cpu:inst1|lpm_counterDCA:inst|lpm_counter:lpm_counter_component|cntr_tvi:auto_generated                         ; work         ;
;    |memory:inst|                                ; 34 (1)            ; 1 (0)        ; 245760            ; 0            ; 0       ; 0         ; 0         ; 0    ; 0            ; |curs|memory:inst                                                                                                     ;              ;
;       |lpm_bustri1:inst5|                       ; 15 (0)            ; 0 (0)        ; 0                 ; 0            ; 0       ; 0         ; 0         ; 0    ; 0            ; |curs|memory:inst|lpm_bustri1:inst5                                                                                   ; work         ;
;          |lpm_bustri:lpm_bustri_component|      ; 15 (15)           ; 0 (0)        ; 0                 ; 0            ; 0       ; 0         ; 0         ; 0    ; 0            ; |curs|memory:inst|lpm_bustri1:inst5|lpm_bustri:lpm_bustri_component                                                   ; work         ;
;       |lpm_ram_io:inst1|                        ; 17 (15)           ; 1 (0)        ; 122880            ; 0            ; 0       ; 0         ; 0         ; 0    ; 0            ; |curs|memory:inst|lpm_ram_io:inst1                                                                                    ; work         ;
;          |altram:sram|                          ; 2 (0)             ; 1 (0)        ; 122880            ; 0            ; 0       ; 0         ; 0         ; 0    ; 0            ; |curs|memory:inst|lpm_ram_io:inst1|altram:sram                                                                        ; work         ;
;             |altsyncram:ram_block|              ; 2 (0)             ; 1 (0)        ; 122880            ; 0            ; 0       ; 0         ; 0         ; 0    ; 0            ; |curs|memory:inst|lpm_ram_io:inst1|altram:sram|altsyncram:ram_block                                                   ; work         ;
;                |altsyncram_ii91:auto_generated| ; 2 (0)             ; 1 (1)        ; 122880            ; 0            ; 0       ; 0         ; 0         ; 0    ; 0            ; |curs|memory:inst|lpm_ram_io:inst1|altram:sram|altsyncram:ram_block|altsyncram_ii91:auto_generated                    ; work         ;
;                   |decode_3pa:decode3|          ; 2 (2)             ; 0 (0)        ; 0                 ; 0            ; 0       ; 0         ; 0         ; 0    ; 0            ; |curs|memory:inst|lpm_ram_io:inst1|altram:sram|altsyncram:ram_block|altsyncram_ii91:auto_generated|decode_3pa:decode3 ; work         ;
;       |lpm_rom:inst|                            ; 1 (1)             ; 0 (0)        ; 122880            ; 0            ; 0       ; 0         ; 0         ; 0    ; 0            ; |curs|memory:inst|lpm_rom:inst                                                                                        ; work         ;
;          |altrom:srom|                          ; 0 (0)             ; 0 (0)        ; 122880            ; 0            ; 0       ; 0         ; 0         ; 0    ; 0            ; |curs|memory:inst|lpm_rom:inst|altrom:srom                                                                            ;              ;
;             |altsyncram:rom_block|              ; 0 (0)             ; 0 (0)        ; 122880            ; 0            ; 0       ; 0         ; 0         ; 0    ; 0            ; |curs|memory:inst|lpm_rom:inst|altrom:srom|altsyncram:rom_block                                                       ; work         ;
;                |altsyncram_8001:auto_generated| ; 0 (0)             ; 0 (0)        ; 122880            ; 0            ; 0       ; 0         ; 0         ; 0    ; 0            ; |curs|memory:inst|lpm_rom:inst|altrom:srom|altsyncram:rom_block|altsyncram_8001:auto_generated                        ;              ;
+-------------------------------------------------+-------------------+--------------+-------------------+--------------+---------+-----------+-----------+------+--------------+-----------------------------------------------------------------------------------------------------------------------+--------------+
Note: For table entries with two numbers listed, the numbers in parentheses indicate the number of resources of the given type used by the specific entity alone. The numbers listed outside of parentheses indicate the total resources of the given type used by the specific entity and all of its sub-entities in the hierarchy.


+-------------------------------------------------------------------------------------------------------------------------------------------------------------------------------------------------------------+
; Analysis & Synthesis RAM Summary                                                                                                                                                                            ;
+---------------------------------------------------------------------------------------------------------+------+-------------+--------------+--------------+--------------+--------------+--------+---------+
; Name                                                                                                    ; Type ; Mode        ; Port A Depth ; Port A Width ; Port B Depth ; Port B Width ; Size   ; MIF     ;
+---------------------------------------------------------------------------------------------------------+------+-------------+--------------+--------------+--------------+--------------+--------+---------+
; memory:inst|lpm_ram_io:inst1|altram:sram|altsyncram:ram_block|altsyncram_ii91:auto_generated|ALTSYNCRAM ; AUTO ; Single Port ; 8192         ; 15           ; --           ; --           ; 122880 ; RAM.hex ;
; memory:inst|lpm_rom:inst|altrom:srom|altsyncram:rom_block|altsyncram_8001:auto_generated|ALTSYNCRAM     ; AUTO ; ROM         ; 8192         ; 15           ; --           ; --           ; 122880 ; ROM.hex ;
+---------------------------------------------------------------------------------------------------------+------+-------------+--------------+--------------+--------------+--------------+--------+---------+


+---------------------------------------------------------------------------------------------------------------------------------------------------------------------------------------------------------------------------------------+
; Registers Removed During Synthesis                                                                                                                                                                                                    ;
+-----------------------------------------------------------------------------------------------------------+---------------------------------------------------------------------------------------------------------------------------+
; Register name                                                                                             ; Reason for Removal                                                                                                        ;
+-----------------------------------------------------------------------------------------------------------+---------------------------------------------------------------------------------------------------------------------------+
; memory:inst|lpm_rom:inst|altrom:srom|altsyncram:rom_block|altsyncram_8001:auto_generated|address_reg_a[0] ; Merged with memory:inst|lpm_ram_io:inst1|altram:sram|altsyncram:ram_block|altsyncram_ii91:auto_generated|address_reg_a[0] ;
; Total Number of Removed Registers = 1                                                                     ;                                                                                                                           ;
+-----------------------------------------------------------------------------------------------------------+---------------------------------------------------------------------------------------------------------------------------+


+------------------------------------------------------+
; General Register Statistics                          ;
+----------------------------------------------+-------+
; Statistic                                    ; Value ;
+----------------------------------------------+-------+
; Total registers                              ; 49    ;
; Number of registers using Synchronous Clear  ; 0     ;
; Number of registers using Synchronous Load   ; 3     ;
; Number of registers using Asynchronous Clear ; 0     ;
; Number of registers using Asynchronous Load  ; 0     ;
; Number of registers using Clock Enable       ; 15    ;
; Number of registers using Preset             ; 0     ;
+----------------------------------------------+-------+


+----------------------------------------------------------------------------------------+
; Source assignments for cpu:inst1|lpm_counterDCA:inst|lpm_counter:lpm_counter_component ;
+---------------------------+-------+------+---------------------------------------------+
; Assignment                ; Value ; From ; To                                          ;
+---------------------------+-------+------+---------------------------------------------+
; SUPPRESS_DA_RULE_INTERNAL ; a101  ; -    ; -                                           ;
; SUPPRESS_DA_RULE_INTERNAL ; s102  ; -    ; -                                           ;
; SUPPRESS_DA_RULE_INTERNAL ; s103  ; -    ; -                                           ;
+---------------------------+-------+------+---------------------------------------------+


+-----------------------------------------------------------------------------------------------+
; Source assignments for cpu:inst1|ComRetr:inst3|counter:inst|lpm_counter:lpm_counter_component ;
+---------------------------+-------+------+----------------------------------------------------+
; Assignment                ; Value ; From ; To                                                 ;
+---------------------------+-------+------+----------------------------------------------------+
; SUPPRESS_DA_RULE_INTERNAL ; a101  ; -    ; -                                                  ;
; SUPPRESS_DA_RULE_INTERNAL ; s102  ; -    ; -                                                  ;
; SUPPRESS_DA_RULE_INTERNAL ; s103  ; -    ; -                                                  ;
+---------------------------+-------+------+----------------------------------------------------+


+-----------------------------------------------------------------------------------------------------+
; Source assignments for cpu:inst1|ComRetr:inst3|lpm_counter0:inst5|lpm_counter:lpm_counter_component ;
+---------------------------+-------+------+----------------------------------------------------------+
; Assignment                ; Value ; From ; To                                                       ;
+---------------------------+-------+------+----------------------------------------------------------+
; SUPPRESS_DA_RULE_INTERNAL ; a101  ; -    ; -                                                        ;
; SUPPRESS_DA_RULE_INTERNAL ; s102  ; -    ; -                                                        ;
; SUPPRESS_DA_RULE_INTERNAL ; s103  ; -    ; -                                                        ;
+---------------------------+-------+------+----------------------------------------------------------+


+-----------------------------------------------------------------------------------------------------------------+
; Source assignments for memory:inst|LPM_ROM:inst|altrom:srom|altsyncram:rom_block|altsyncram_8001:auto_generated ;
+---------------------------------+--------------------+------+---------------------------------------------------+
; Assignment                      ; Value              ; From ; To                                                ;
+---------------------------------+--------------------+------+---------------------------------------------------+
; OPTIMIZE_POWER_DURING_SYNTHESIS ; NORMAL_COMPILATION ; -    ; -                                                 ;
+---------------------------------+--------------------+------+---------------------------------------------------+


+---------------------------------------------------------------------------------------------------------------------+
; Source assignments for memory:inst|LPM_RAM_IO:inst1|altram:sram|altsyncram:ram_block|altsyncram_ii91:auto_generated ;
+---------------------------------+--------------------+------+-------------------------------------------------------+
; Assignment                      ; Value              ; From ; To                                                    ;
+---------------------------------+--------------------+------+-------------------------------------------------------+
; OPTIMIZE_POWER_DURING_SYNTHESIS ; NORMAL_COMPILATION ; -    ; -                                                     ;
+---------------------------------+--------------------+------+-------------------------------------------------------+


+----------------------------------------------------------------------------------------------------------+
; Parameter Settings for User Entity Instance: cpu:inst1|lpm_decode0:inst6|lpm_decode:lpm_decode_component ;
+------------------------+------------+--------------------------------------------------------------------+
; Parameter Name         ; Value      ; Type                                                               ;
+------------------------+------------+--------------------------------------------------------------------+
; LPM_WIDTH              ; 3          ; Signed Integer                                                     ;
; LPM_DECODES            ; 8          ; Signed Integer                                                     ;
; LPM_PIPELINE           ; 0          ; Untyped                                                            ;
; CASCADE_CHAIN          ; MANUAL     ; Untyped                                                            ;
; DEVICE_FAMILY          ; Stratix II ; Untyped                                                            ;
; CBXI_PARAMETER         ; decode_u7f ; Untyped                                                            ;
; AUTO_CARRY_CHAINS      ; ON         ; AUTO_CARRY                                                         ;
; IGNORE_CARRY_BUFFERS   ; OFF        ; IGNORE_CARRY                                                       ;
; AUTO_CASCADE_CHAINS    ; ON         ; AUTO_CASCADE                                                       ;
; IGNORE_CASCADE_BUFFERS ; OFF        ; IGNORE_CASCADE                                                     ;
+------------------------+------------+--------------------------------------------------------------------+
Note: In order to hide this table in the UI and the text report file, please set the "Show Parameter Settings Tables in Synthesis Report" option in "Analysis and Synthesis Settings -> More Settings" to "Off".


+--------------------------------------------------------------------------------------------------------------+
; Parameter Settings for User Entity Instance: cpu:inst1|lpm_counterDCA:inst|lpm_counter:lpm_counter_component ;
+------------------------+-------------+-----------------------------------------------------------------------+
; Parameter Name         ; Value       ; Type                                                                  ;
+------------------------+-------------+-----------------------------------------------------------------------+
; AUTO_CARRY_CHAINS      ; ON          ; AUTO_CARRY                                                            ;
; IGNORE_CARRY_BUFFERS   ; OFF         ; IGNORE_CARRY                                                          ;
; AUTO_CASCADE_CHAINS    ; ON          ; AUTO_CASCADE                                                          ;
; IGNORE_CASCADE_BUFFERS ; OFF         ; IGNORE_CASCADE                                                        ;
; LPM_WIDTH              ; 3           ; Signed Integer                                                        ;
; LPM_DIRECTION          ; UP          ; Untyped                                                               ;
; LPM_MODULUS            ; 6           ; Signed Integer                                                        ;
; LPM_AVALUE             ; UNUSED      ; Untyped                                                               ;
; LPM_SVALUE             ; UNUSED      ; Untyped                                                               ;
; LPM_PORT_UPDOWN        ; PORT_UNUSED ; Untyped                                                               ;
; DEVICE_FAMILY          ; Stratix II  ; Untyped                                                               ;
; CARRY_CHAIN            ; MANUAL      ; Untyped                                                               ;
; CARRY_CHAIN_LENGTH     ; 48          ; CARRY_CHAIN_LENGTH                                                    ;
; NOT_GATE_PUSH_BACK     ; ON          ; NOT_GATE_PUSH_BACK                                                    ;
; CARRY_CNT_EN           ; SMART       ; Untyped                                                               ;
; LABWIDE_SCLR           ; ON          ; Untyped                                                               ;
; USE_NEW_VERSION        ; TRUE        ; Untyped                                                               ;
; CBXI_PARAMETER         ; cntr_tvi    ; Untyped                                                               ;
+------------------------+-------------+-----------------------------------------------------------------------+
Note: In order to hide this table in the UI and the text report file, please set the "Show Parameter Settings Tables in Synthesis Report" option in "Analysis and Synthesis Settings -> More Settings" to "Off".


+---------------------------------------------------------------------------------------------------------------------+
; Parameter Settings for User Entity Instance: cpu:inst1|ComRetr:inst3|counter:inst|lpm_counter:lpm_counter_component ;
+------------------------+-------------+------------------------------------------------------------------------------+
; Parameter Name         ; Value       ; Type                                                                         ;
+------------------------+-------------+------------------------------------------------------------------------------+
; AUTO_CARRY_CHAINS      ; ON          ; AUTO_CARRY                                                                   ;
; IGNORE_CARRY_BUFFERS   ; OFF         ; IGNORE_CARRY                                                                 ;
; AUTO_CASCADE_CHAINS    ; ON          ; AUTO_CASCADE                                                                 ;
; IGNORE_CASCADE_BUFFERS ; OFF         ; IGNORE_CASCADE                                                               ;
; LPM_WIDTH              ; 14          ; Signed Integer                                                               ;
; LPM_DIRECTION          ; UP          ; Untyped                                                                      ;
; LPM_MODULUS            ; 0           ; Untyped                                                                      ;
; LPM_AVALUE             ; UNUSED      ; Untyped                                                                      ;
; LPM_SVALUE             ; UNUSED      ; Untyped                                                                      ;
; LPM_PORT_UPDOWN        ; PORT_UNUSED ; Untyped                                                                      ;
; DEVICE_FAMILY          ; Stratix II  ; Untyped                                                                      ;
; CARRY_CHAIN            ; MANUAL      ; Untyped                                                                      ;
; CARRY_CHAIN_LENGTH     ; 48          ; CARRY_CHAIN_LENGTH                                                           ;
; NOT_GATE_PUSH_BACK     ; ON          ; NOT_GATE_PUSH_BACK                                                           ;
; CARRY_CNT_EN           ; SMART       ; Untyped                                                                      ;
; LABWIDE_SCLR           ; ON          ; Untyped                                                                      ;
; USE_NEW_VERSION        ; TRUE        ; Untyped                                                                      ;
; CBXI_PARAMETER         ; cntr_4bj    ; Untyped                                                                      ;
+------------------------+-------------+------------------------------------------------------------------------------+
Note: In order to hide this table in the UI and the text report file, please set the "Show Parameter Settings Tables in Synthesis Report" option in "Analysis and Synthesis Settings -> More Settings" to "Off".


+---------------------------------------------------------------------------------------------------------------+
; Parameter Settings for User Entity Instance: cpu:inst1|ComRetr:inst3|first_part:inst3|lpm_ff:lpm_ff_component ;
+------------------------+------------+-------------------------------------------------------------------------+
; Parameter Name         ; Value      ; Type                                                                    ;
+------------------------+------------+-------------------------------------------------------------------------+
; LPM_WIDTH              ; 15         ; Signed Integer                                                          ;
; LPM_AVALUE             ; UNUSED     ; Untyped                                                                 ;
; LPM_SVALUE             ; UNUSED     ; Untyped                                                                 ;
; LPM_FFTYPE             ; DFF        ; Untyped                                                                 ;
; DEVICE_FAMILY          ; Stratix II ; Untyped                                                                 ;
; CBXI_PARAMETER         ; NOTHING    ; Untyped                                                                 ;
; AUTO_CARRY_CHAINS      ; ON         ; AUTO_CARRY                                                              ;
; IGNORE_CARRY_BUFFERS   ; OFF        ; IGNORE_CARRY                                                            ;
; AUTO_CASCADE_CHAINS    ; ON         ; AUTO_CASCADE                                                            ;
; IGNORE_CASCADE_BUFFERS ; OFF        ; IGNORE_CASCADE                                                          ;
+------------------------+------------+-------------------------------------------------------------------------+
Note: In order to hide this table in the UI and the text report file, please set the "Show Parameter Settings Tables in Synthesis Report" option in "Analysis and Synthesis Settings -> More Settings" to "Off".


+------------------------------------------------------------------------------------------------------------------------+
; Parameter Settings for User Entity Instance: cpu:inst1|ComRetr:inst3|lpm_decode1:inst6|lpm_decode:lpm_decode_component ;
+------------------------+------------+----------------------------------------------------------------------------------+
; Parameter Name         ; Value      ; Type                                                                             ;
+------------------------+------------+----------------------------------------------------------------------------------+
; LPM_WIDTH              ; 1          ; Signed Integer                                                                   ;
; LPM_DECODES            ; 2          ; Signed Integer                                                                   ;
; LPM_PIPELINE           ; 0          ; Untyped                                                                          ;
; CASCADE_CHAIN          ; MANUAL     ; Untyped                                                                          ;
; DEVICE_FAMILY          ; Stratix II ; Untyped                                                                          ;
; CBXI_PARAMETER         ; decode_m7f ; Untyped                                                                          ;
; AUTO_CARRY_CHAINS      ; ON         ; AUTO_CARRY                                                                       ;
; IGNORE_CARRY_BUFFERS   ; OFF        ; IGNORE_CARRY                                                                     ;
; AUTO_CASCADE_CHAINS    ; ON         ; AUTO_CASCADE                                                                     ;
; IGNORE_CASCADE_BUFFERS ; OFF        ; IGNORE_CASCADE                                                                   ;
+------------------------+------------+----------------------------------------------------------------------------------+
Note: In order to hide this table in the UI and the text report file, please set the "Show Parameter Settings Tables in Synthesis Report" option in "Analysis and Synthesis Settings -> More Settings" to "Off".


+---------------------------------------------------------------------------------------------------------------------------+
; Parameter Settings for User Entity Instance: cpu:inst1|ComRetr:inst3|lpm_counter0:inst5|lpm_counter:lpm_counter_component ;
+------------------------+-------------+------------------------------------------------------------------------------------+
; Parameter Name         ; Value       ; Type                                                                               ;
+------------------------+-------------+------------------------------------------------------------------------------------+
; AUTO_CARRY_CHAINS      ; ON          ; AUTO_CARRY                                                                         ;
; IGNORE_CARRY_BUFFERS   ; OFF         ; IGNORE_CARRY                                                                       ;
; AUTO_CASCADE_CHAINS    ; ON          ; AUTO_CASCADE                                                                       ;
; IGNORE_CASCADE_BUFFERS ; OFF         ; IGNORE_CASCADE                                                                     ;
; LPM_WIDTH              ; 1           ; Signed Integer                                                                     ;
; LPM_DIRECTION          ; UP          ; Untyped                                                                            ;
; LPM_MODULUS            ; 0           ; Untyped                                                                            ;
; LPM_AVALUE             ; UNUSED      ; Untyped                                                                            ;
; LPM_SVALUE             ; UNUSED      ; Untyped                                                                            ;
; LPM_PORT_UPDOWN        ; PORT_UNUSED ; Untyped                                                                            ;
; DEVICE_FAMILY          ; Stratix II  ; Untyped                                                                            ;
; CARRY_CHAIN            ; MANUAL      ; Untyped                                                                            ;
; CARRY_CHAIN_LENGTH     ; 48          ; CARRY_CHAIN_LENGTH                                                                 ;
; NOT_GATE_PUSH_BACK     ; ON          ; NOT_GATE_PUSH_BACK                                                                 ;
; CARRY_CNT_EN           ; SMART       ; Untyped                                                                            ;
; LABWIDE_SCLR           ; ON          ; Untyped                                                                            ;
; USE_NEW_VERSION        ; TRUE        ; Untyped                                                                            ;
; CBXI_PARAMETER         ; cntr_3ai    ; Untyped                                                                            ;
+------------------------+-------------+------------------------------------------------------------------------------------+
Note: In order to hide this table in the UI and the text report file, please set the "Show Parameter Settings Tables in Synthesis Report" option in "Analysis and Synthesis Settings -> More Settings" to "Off".


+---------------------------------------------------------------------------------------------------------------+
; Parameter Settings for User Entity Instance: cpu:inst1|ComRetr:inst3|first_part:inst4|lpm_ff:lpm_ff_component ;
+------------------------+------------+-------------------------------------------------------------------------+
; Parameter Name         ; Value      ; Type                                                                    ;
+------------------------+------------+-------------------------------------------------------------------------+
; LPM_WIDTH              ; 15         ; Signed Integer                                                          ;
; LPM_AVALUE             ; UNUSED     ; Untyped                                                                 ;
; LPM_SVALUE             ; UNUSED     ; Untyped                                                                 ;
; LPM_FFTYPE             ; DFF        ; Untyped                                                                 ;
; DEVICE_FAMILY          ; Stratix II ; Untyped                                                                 ;
; CBXI_PARAMETER         ; NOTHING    ; Untyped                                                                 ;
; AUTO_CARRY_CHAINS      ; ON         ; AUTO_CARRY                                                              ;
; IGNORE_CARRY_BUFFERS   ; OFF        ; IGNORE_CARRY                                                            ;
; AUTO_CASCADE_CHAINS    ; ON         ; AUTO_CASCADE                                                            ;
; IGNORE_CASCADE_BUFFERS ; OFF        ; IGNORE_CASCADE                                                          ;
+------------------------+------------+-------------------------------------------------------------------------+
Note: In order to hide this table in the UI and the text report file, please set the "Show Parameter Settings Tables in Synthesis Report" option in "Analysis and Synthesis Settings -> More Settings" to "Off".


+------------------------------------------------------------------------------------------------------------+
; Parameter Settings for User Entity Instance: memory:inst|lpm_bustri0:inst4|lpm_bustri:lpm_bustri_component ;
+----------------+-------+-----------------------------------------------------------------------------------+
; Parameter Name ; Value ; Type                                                                              ;
+----------------+-------+-----------------------------------------------------------------------------------+
; LPM_WIDTH      ; 15    ; Signed Integer                                                                    ;
+----------------+-------+-----------------------------------------------------------------------------------+
Note: In order to hide this table in the UI and the text report file, please set the "Show Parameter Settings Tables in Synthesis Report" option in "Analysis and Synthesis Settings -> More Settings" to "Off".


+-----------------------------------------------------------------------+
; Parameter Settings for User Entity Instance: memory:inst|LPM_ROM:inst ;
+------------------------+--------------+-------------------------------+
; Parameter Name         ; Value        ; Type                          ;
+------------------------+--------------+-------------------------------+
; LPM_WIDTH              ; 15           ; Signed Integer                ;
; LPM_WIDTHAD            ; 13           ; Signed Integer                ;
; LPM_NUMWORDS           ; 8192         ; Signed Integer                ;
; LPM_ADDRESS_CONTROL    ; REGISTERED   ; Untyped                       ;
; LPM_OUTDATA            ; UNREGISTERED ; Untyped                       ;
; LPM_FILE               ; ROM.hex      ; Untyped                       ;
; DEVICE_FAMILY          ; Stratix II   ; Untyped                       ;
; AUTO_CARRY_CHAINS      ; ON           ; AUTO_CARRY                    ;
; IGNORE_CARRY_BUFFERS   ; OFF          ; IGNORE_CARRY                  ;
; AUTO_CASCADE_CHAINS    ; ON           ; AUTO_CASCADE                  ;
; IGNORE_CASCADE_BUFFERS ; OFF          ; IGNORE_CASCADE                ;
+------------------------+--------------+-------------------------------+
Note: In order to hide this table in the UI and the text report file, please set the "Show Parameter Settings Tables in Synthesis Report" option in "Analysis and Synthesis Settings -> More Settings" to "Off".


+------------------------------------------------------------------------------------------------------------+
; Parameter Settings for User Entity Instance: memory:inst|lpm_bustri1:inst5|lpm_bustri:lpm_bustri_component ;
+----------------+-------+-----------------------------------------------------------------------------------+
; Parameter Name ; Value ; Type                                                                              ;
+----------------+-------+-----------------------------------------------------------------------------------+
; LPM_WIDTH      ; 15    ; Signed Integer                                                                    ;
+----------------+-------+-----------------------------------------------------------------------------------+
Note: In order to hide this table in the UI and the text report file, please set the "Show Parameter Settings Tables in Synthesis Report" option in "Analysis and Synthesis Settings -> More Settings" to "Off".


+---------------------------------------------------------------------------+
; Parameter Settings for User Entity Instance: memory:inst|LPM_RAM_IO:inst1 ;
+------------------------+--------------+-----------------------------------+
; Parameter Name         ; Value        ; Type                              ;
+------------------------+--------------+-----------------------------------+
; LPM_WIDTH              ; 15           ; Signed Integer                    ;
; LPM_WIDTHAD            ; 13           ; Signed Integer                    ;
; LPM_NUMWORDS           ; 8192         ; Signed Integer                    ;
; LPM_INDATA             ; REGISTERED   ; Untyped                           ;
; LPM_ADDRESS_CONTROL    ; REGISTERED   ; Untyped                           ;
; LPM_OUTDATA            ; UNREGISTERED ; Untyped                           ;
; LPM_FILE               ; RAM.hex      ; Untyped                           ;
; USE_EAB                ; ON           ; Untyped                           ;
; DEVICE_FAMILY          ; Stratix II   ; Untyped                           ;
; AUTO_CARRY_CHAINS      ; ON           ; AUTO_CARRY                        ;
; IGNORE_CARRY_BUFFERS   ; OFF          ; IGNORE_CARRY                      ;
; AUTO_CASCADE_CHAINS    ; ON           ; AUTO_CASCADE                      ;
; IGNORE_CASCADE_BUFFERS ; OFF          ; IGNORE_CASCADE                    ;
+------------------------+--------------+-----------------------------------+
Note: In order to hide this table in the UI and the text report file, please set the "Show Parameter Settings Tables in Synthesis Report" option in "Analysis and Synthesis Settings -> More Settings" to "Off".


+-------------------------------+
; Analysis & Synthesis Messages ;
+-------------------------------+
Info: *******************************************************************
Info: Running Quartus II Analysis & Synthesis
    Info: Version 9.1 Build 350 03/24/2010 Service Pack 2 SJ Web Edition
    Info: Processing started: Sat May 13 19:55:35 2017
Info: Command: quartus_map --read_settings_files=on --write_settings_files=off curs -c curs
Info: Found 1 design units, including 1 entities, in source file curs.bdf
    Info: Found entity 1: curs
Info: Found 1 design units, including 1 entities, in source file memory.bdf
    Info: Found entity 1: memory
Info: Found 2 design units, including 1 entities, in source file lpm_bustri0.vhd
    Info: Found design unit 1: lpm_bustri0-SYN
    Info: Found entity 1: lpm_bustri0
Info: Found 2 design units, including 1 entities, in source file lpm_bustri1.vhd
    Info: Found design unit 1: lpm_bustri1-SYN
    Info: Found entity 1: lpm_bustri1
Info: Found 1 design units, including 1 entities, in source file cpu.bdf
    Info: Found entity 1: cpu
Info: Found 2 design units, including 1 entities, in source file lpm_counterdca.vhd
    Info: Found design unit 1: lpm_counterdca-SYN
    Info: Found entity 1: lpm_counterDCA
Info: Found 1 design units, including 1 entities, in source file comretr.bdf
    Info: Found entity 1: ComRetr
Info: Found 2 design units, including 1 entities, in source file lpm_decode0.vhd
    Info: Found design unit 1: lpm_decode0-SYN
    Info: Found entity 1: lpm_decode0
Info: Found 2 design units, including 1 entities, in source file counter.vhd
    Info: Found design unit 1: counter-SYN
    Info: Found entity 1: counter
Info: Found 2 design units, including 1 entities, in source file first_part.vhd
    Info: Found design unit 1: first_part-SYN
    Info: Found entity 1: first_part
Info: Found 2 design units, including 1 entities, in source file /altera/91sp2/quartus/lab4/lpm_counter0.vhd
    Info: Found design unit 1: lpm_counter0-SYN
    Info: Found entity 1: lpm_counter0
Info: Found 2 design units, including 1 entities, in source file /altera/91sp2/quartus/lab4/lpm_decode1.vhd
    Info: Found design unit 1: lpm_decode1-SYN
    Info: Found entity 1: lpm_decode1
Info: Elaborating entity "curs" for the top level hierarchy
Info: Elaborating entity "cpu" for hierarchy "cpu:inst1"
Info: Elaborating entity "lpm_decode0" for hierarchy "cpu:inst1|lpm_decode0:inst6"
Info: Elaborating entity "lpm_decode" for hierarchy "cpu:inst1|lpm_decode0:inst6|lpm_decode:lpm_decode_component"
Info: Elaborated megafunction instantiation "cpu:inst1|lpm_decode0:inst6|lpm_decode:lpm_decode_component"
Info: Instantiated megafunction "cpu:inst1|lpm_decode0:inst6|lpm_decode:lpm_decode_component" with the following parameter:
    Info: Parameter "lpm_decodes" = "8"
    Info: Parameter "lpm_type" = "LPM_DECODE"
    Info: Parameter "lpm_width" = "3"
Info: Found 1 design units, including 1 entities, in source file db/decode_u7f.tdf
    Info: Found entity 1: decode_u7f
Info: Elaborating entity "decode_u7f" for hierarchy "cpu:inst1|lpm_decode0:inst6|lpm_decode:lpm_decode_component|decode_u7f:auto_generated"
Info: Elaborating entity "lpm_counterDCA" for hierarchy "cpu:inst1|lpm_counterDCA:inst"
Info: Elaborating entity "lpm_counter" for hierarchy "cpu:inst1|lpm_counterDCA:inst|lpm_counter:lpm_counter_component"
Info: Elaborated megafunction instantiation "cpu:inst1|lpm_counterDCA:inst|lpm_counter:lpm_counter_component"
Info: Instantiated megafunction "cpu:inst1|lpm_counterDCA:inst|lpm_counter:lpm_counter_component" with the following parameter:
    Info: Parameter "lpm_direction" = "UP"
    Info: Parameter "lpm_modulus" = "6"
    Info: Parameter "lpm_port_updown" = "PORT_UNUSED"
    Info: Parameter "lpm_type" = "LPM_COUNTER"
    Info: Parameter "lpm_width" = "3"
Info: Found 1 design units, including 1 entities, in source file db/cntr_tvi.tdf
    Info: Found entity 1: cntr_tvi
Info: Elaborating entity "cntr_tvi" for hierarchy "cpu:inst1|lpm_counterDCA:inst|lpm_counter:lpm_counter_component|cntr_tvi:auto_generated"
Info: Found 1 design units, including 1 entities, in source file db/cmpr_9dc.tdf
    Info: Found entity 1: cmpr_9dc
Info: Elaborating entity "cmpr_9dc" for hierarchy "cpu:inst1|lpm_counterDCA:inst|lpm_counter:lpm_counter_component|cntr_tvi:auto_generated|cmpr_9dc:cmpr2"
Info: Elaborating entity "ComRetr" for hierarchy "cpu:inst1|ComRetr:inst3"
Info: Elaborating entity "counter" for hierarchy "cpu:inst1|ComRetr:inst3|counter:inst"
Info: Elaborating entity "lpm_counter" for hierarchy "cpu:inst1|ComRetr:inst3|counter:inst|lpm_counter:lpm_counter_component"
Info: Elaborated megafunction instantiation "cpu:inst1|ComRetr:inst3|counter:inst|lpm_counter:lpm_counter_component"
Info: Instantiated megafunction "cpu:inst1|ComRetr:inst3|counter:inst|lpm_counter:lpm_counter_component" with the following parameter:
    Info: Parameter "lpm_direction" = "UP"
    Info: Parameter "lpm_port_updown" = "PORT_UNUSED"
    Info: Parameter "lpm_type" = "LPM_COUNTER"
    Info: Parameter "lpm_width" = "14"
Info: Found 1 design units, including 1 entities, in source file db/cntr_4bj.tdf
    Info: Found entity 1: cntr_4bj
Info: Elaborating entity "cntr_4bj" for hierarchy "cpu:inst1|ComRetr:inst3|counter:inst|lpm_counter:lpm_counter_component|cntr_4bj:auto_generated"
Info: Elaborating entity "first_part" for hierarchy "cpu:inst1|ComRetr:inst3|first_part:inst3"
Info: Elaborating entity "lpm_ff" for hierarchy "cpu:inst1|ComRetr:inst3|first_part:inst3|lpm_ff:lpm_ff_component"
Info: Elaborated megafunction instantiation "cpu:inst1|ComRetr:inst3|first_part:inst3|lpm_ff:lpm_ff_component"
Info: Instantiated megafunction "cpu:inst1|ComRetr:inst3|first_part:inst3|lpm_ff:lpm_ff_component" with the following parameter:
    Info: Parameter "lpm_fftype" = "DFF"
    Info: Parameter "lpm_type" = "LPM_FF"
    Info: Parameter "lpm_width" = "15"
Info: Elaborating entity "lpm_decode1" for hierarchy "cpu:inst1|ComRetr:inst3|lpm_decode1:inst6"
Info: Elaborating entity "lpm_decode" for hierarchy "cpu:inst1|ComRetr:inst3|lpm_decode1:inst6|lpm_decode:lpm_decode_component"
Info: Elaborated megafunction instantiation "cpu:inst1|ComRetr:inst3|lpm_decode1:inst6|lpm_decode:lpm_decode_component"
Info: Instantiated megafunction "cpu:inst1|ComRetr:inst3|lpm_decode1:inst6|lpm_decode:lpm_decode_component" with the following parameter:
    Info: Parameter "lpm_decodes" = "2"
    Info: Parameter "lpm_type" = "LPM_DECODE"
    Info: Parameter "lpm_width" = "1"
Info: Found 1 design units, including 1 entities, in source file db/decode_m7f.tdf
    Info: Found entity 1: decode_m7f
Info: Elaborating entity "decode_m7f" for hierarchy "cpu:inst1|ComRetr:inst3|lpm_decode1:inst6|lpm_decode:lpm_decode_component|decode_m7f:auto_generated"
Info: Elaborating entity "lpm_counter0" for hierarchy "cpu:inst1|ComRetr:inst3|lpm_counter0:inst5"
Info: Elaborating entity "lpm_counter" for hierarchy "cpu:inst1|ComRetr:inst3|lpm_counter0:inst5|lpm_counter:lpm_counter_component"
Info: Elaborated megafunction instantiation "cpu:inst1|ComRetr:inst3|lpm_counter0:inst5|lpm_counter:lpm_counter_component"
Info: Instantiated megafunction "cpu:inst1|ComRetr:inst3|lpm_counter0:inst5|lpm_counter:lpm_counter_component" with the following parameter:
    Info: Parameter "lpm_direction" = "UP"
    Info: Parameter "lpm_port_updown" = "PORT_UNUSED"
    Info: Parameter "lpm_type" = "LPM_COUNTER"
    Info: Parameter "lpm_width" = "1"
Info: Found 1 design units, including 1 entities, in source file db/cntr_3ai.tdf
    Info: Found entity 1: cntr_3ai
Info: Elaborating entity "cntr_3ai" for hierarchy "cpu:inst1|ComRetr:inst3|lpm_counter0:inst5|lpm_counter:lpm_counter_component|cntr_3ai:auto_generated"
Info: Elaborating entity "memory" for hierarchy "memory:inst"
Info: Elaborating entity "lpm_bustri0" for hierarchy "memory:inst|lpm_bustri0:inst4"
Info: Elaborating entity "lpm_bustri" for hierarchy "memory:inst|lpm_bustri0:inst4|lpm_bustri:lpm_bustri_component"
Info: Elaborated megafunction instantiation "memory:inst|lpm_bustri0:inst4|lpm_bustri:lpm_bustri_component"
Info: Instantiated megafunction "memory:inst|lpm_bustri0:inst4|lpm_bustri:lpm_bustri_component" with the following parameter:
    Info: Parameter "lpm_type" = "LPM_BUSTRI"
    Info: Parameter "lpm_width" = "15"
Info: Elaborating entity "LPM_ROM" for hierarchy "memory:inst|LPM_ROM:inst"
Info: Elaborated megafunction instantiation "memory:inst|LPM_ROM:inst"
Info: Instantiated megafunction "memory:inst|LPM_ROM:inst" with the following parameter:
    Info: Parameter "LPM_ADDRESS_CONTROL" = "REGISTERED"
    Info: Parameter "LPM_FILE" = "ROM.hex"
    Info: Parameter "LPM_NUMWORDS" = "8192"
    Info: Parameter "LPM_OUTDATA" = "UNREGISTERED"
    Info: Parameter "LPM_WIDTH" = "15"
    Info: Parameter "LPM_WIDTHAD" = "13"
Info: Elaborating entity "altrom" for hierarchy "memory:inst|LPM_ROM:inst|altrom:srom"
Info: Elaborated megafunction instantiation "memory:inst|LPM_ROM:inst|altrom:srom", which is child of megafunction instantiation "memory:inst|LPM_ROM:inst"
Info: Elaborating entity "altsyncram" for hierarchy "memory:inst|LPM_ROM:inst|altrom:srom|altsyncram:rom_block"
Info: Elaborated megafunction instantiation "memory:inst|LPM_ROM:inst|altrom:srom|altsyncram:rom_block", which is child of megafunction instantiation "memory:inst|LPM_ROM:inst"
Info: Found 1 design units, including 1 entities, in source file db/altsyncram_8001.tdf
    Info: Found entity 1: altsyncram_8001
Info: Elaborating entity "altsyncram_8001" for hierarchy "memory:inst|LPM_ROM:inst|altrom:srom|altsyncram:rom_block|altsyncram_8001:auto_generated"
Info: Found 1 design units, including 1 entities, in source file db/decode_3pa.tdf
    Info: Found entity 1: decode_3pa
Info: Elaborating entity "decode_3pa" for hierarchy "memory:inst|LPM_ROM:inst|altrom:srom|altsyncram:rom_block|altsyncram_8001:auto_generated|decode_3pa:deep_decode"
Info: Found 1 design units, including 1 entities, in source file db/mux_1lb.tdf
    Info: Found entity 1: mux_1lb
Info: Elaborating entity "mux_1lb" for hierarchy "memory:inst|LPM_ROM:inst|altrom:srom|altsyncram:rom_block|altsyncram_8001:auto_generated|mux_1lb:mux2"
Info: Elaborating entity "lpm_bustri1" for hierarchy "memory:inst|lpm_bustri1:inst5"
Info: Elaborating entity "lpm_bustri" for hierarchy "memory:inst|lpm_bustri1:inst5|lpm_bustri:lpm_bustri_component"
Info: Elaborated megafunction instantiation "memory:inst|lpm_bustri1:inst5|lpm_bustri:lpm_bustri_component"
Info: Instantiated megafunction "memory:inst|lpm_bustri1:inst5|lpm_bustri:lpm_bustri_component" with the following parameter:
    Info: Parameter "lpm_type" = "LPM_BUSTRI"
    Info: Parameter "lpm_width" = "15"
Info: Elaborating entity "LPM_RAM_IO" for hierarchy "memory:inst|LPM_RAM_IO:inst1"
Info: Elaborated megafunction instantiation "memory:inst|LPM_RAM_IO:inst1"
Info: Instantiated megafunction "memory:inst|LPM_RAM_IO:inst1" with the following parameter:
    Info: Parameter "LPM_ADDRESS_CONTROL" = "REGISTERED"
    Info: Parameter "LPM_FILE" = "RAM.hex"
    Info: Parameter "LPM_INDATA" = "REGISTERED"
    Info: Parameter "LPM_NUMWORDS" = "8192"
    Info: Parameter "LPM_OUTDATA" = "UNREGISTERED"
    Info: Parameter "LPM_WIDTH" = "15"
    Info: Parameter "LPM_WIDTHAD" = "13"
Info: Elaborating entity "altram" for hierarchy "memory:inst|LPM_RAM_IO:inst1|altram:sram"
Warning: Assertion warning: altram does not support Stratix II device family -- attempting best-case memory conversions, but power-up states and read during write behavior will be different for Stratix II devices
Info: Elaborated megafunction instantiation "memory:inst|LPM_RAM_IO:inst1|altram:sram", which is child of megafunction instantiation "memory:inst|LPM_RAM_IO:inst1"
Info: Elaborating entity "altsyncram" for hierarchy "memory:inst|LPM_RAM_IO:inst1|altram:sram|altsyncram:ram_block"
Info: Elaborated megafunction instantiation "memory:inst|LPM_RAM_IO:inst1|altram:sram|altsyncram:ram_block", which is child of megafunction instantiation "memory:inst|LPM_RAM_IO:inst1"
Info: Found 1 design units, including 1 entities, in source file db/altsyncram_ii91.tdf
    Info: Found entity 1: altsyncram_ii91
Info: Elaborating entity "altsyncram_ii91" for hierarchy "memory:inst|LPM_RAM_IO:inst1|altram:sram|altsyncram:ram_block|altsyncram_ii91:auto_generated"
Info: Elaborating entity "decode_3pa" for hierarchy "memory:inst|LPM_RAM_IO:inst1|altram:sram|altsyncram:ram_block|altsyncram_ii91:auto_generated|decode_3pa:decode3"
Warning: Tri-state node(s) do not directly drive top-level pin(s)
    Warning: Converted the fan-out from the tri-state buffer "memory:inst|lpm_bustri1:inst5|lpm_bustri:lpm_bustri_component|din[14]" to the node "cpu:inst1|ComRetr:inst3|first_part:inst3|lpm_ff:lpm_ff_component|dffs[14]" into an OR gate
    Warning: Converted the fan-out from the tri-state buffer "memory:inst|lpm_bustri1:inst5|lpm_bustri:lpm_bustri_component|din[13]" to the node "cpu:inst1|ComRetr:inst3|first_part:inst3|lpm_ff:lpm_ff_component|dffs[13]" into an OR gate
    Warning: Converted the fan-out from the tri-state buffer "memory:inst|lpm_bustri1:inst5|lpm_bustri:lpm_bustri_component|din[12]" to the node "cpu:inst1|ComRetr:inst3|first_part:inst3|lpm_ff:lpm_ff_component|dffs[12]" into an OR gate
    Warning: Converted the fan-out from the tri-state buffer "memory:inst|lpm_bustri1:inst5|lpm_bustri:lpm_bustri_component|din[11]" to the node "cpu:inst1|ComRetr:inst3|first_part:inst3|lpm_ff:lpm_ff_component|dffs[11]" into an OR gate
    Warning: Converted the fan-out from the tri-state buffer "memory:inst|lpm_bustri1:inst5|lpm_bustri:lpm_bustri_component|din[10]" to the node "cpu:inst1|ComRetr:inst3|first_part:inst3|lpm_ff:lpm_ff_component|dffs[10]" into an OR gate
    Warning: Converted the fan-out from the tri-state buffer "memory:inst|lpm_bustri1:inst5|lpm_bustri:lpm_bustri_component|din[9]" to the node "cpu:inst1|ComRetr:inst3|first_part:inst3|lpm_ff:lpm_ff_component|dffs[9]" into an OR gate
    Warning: Converted the fan-out from the tri-state buffer "memory:inst|lpm_bustri1:inst5|lpm_bustri:lpm_bustri_component|din[8]" to the node "cpu:inst1|ComRetr:inst3|first_part:inst3|lpm_ff:lpm_ff_component|dffs[8]" into an OR gate
    Warning: Converted the fan-out from the tri-state buffer "memory:inst|lpm_bustri1:inst5|lpm_bustri:lpm_bustri_component|din[7]" to the node "cpu:inst1|ComRetr:inst3|first_part:inst3|lpm_ff:lpm_ff_component|dffs[7]" into an OR gate
    Warning: Converted the fan-out from the tri-state buffer "memory:inst|lpm_bustri1:inst5|lpm_bustri:lpm_bustri_component|din[6]" to the node "cpu:inst1|ComRetr:inst3|first_part:inst3|lpm_ff:lpm_ff_component|dffs[6]" into an OR gate
    Warning: Converted the fan-out from the tri-state buffer "memory:inst|lpm_bustri1:inst5|lpm_bustri:lpm_bustri_component|din[5]" to the node "cpu:inst1|ComRetr:inst3|first_part:inst3|lpm_ff:lpm_ff_component|dffs[5]" into an OR gate
    Warning: Converted the fan-out from the tri-state buffer "memory:inst|lpm_bustri1:inst5|lpm_bustri:lpm_bustri_component|din[4]" to the node "cpu:inst1|ComRetr:inst3|first_part:inst3|lpm_ff:lpm_ff_component|dffs[4]" into an OR gate
    Warning: Converted the fan-out from the tri-state buffer "memory:inst|lpm_bustri1:inst5|lpm_bustri:lpm_bustri_component|din[3]" to the node "cpu:inst1|ComRetr:inst3|first_part:inst3|lpm_ff:lpm_ff_component|dffs[3]" into an OR gate
    Warning: Converted the fan-out from the tri-state buffer "memory:inst|lpm_bustri1:inst5|lpm_bustri:lpm_bustri_component|din[2]" to the node "cpu:inst1|ComRetr:inst3|first_part:inst3|lpm_ff:lpm_ff_component|dffs[2]" into an OR gate
    Warning: Converted the fan-out from the tri-state buffer "memory:inst|lpm_bustri1:inst5|lpm_bustri:lpm_bustri_component|din[1]" to the node "cpu:inst1|ComRetr:inst3|first_part:inst3|lpm_ff:lpm_ff_component|dffs[1]" into an OR gate
    Warning: Converted the fan-out from the tri-state buffer "memory:inst|lpm_bustri1:inst5|lpm_bustri:lpm_bustri_component|din[0]" to the node "cpu:inst1|ComRetr:inst3|first_part:inst3|lpm_ff:lpm_ff_component|dffs[0]" into an OR gate
    Warning: Converted the fan-out from the tri-state buffer "memory:inst|lpm_ram_io:inst1|datatri[14]" to the node "memory:inst|lpm_ram_io:inst1|altram:sram|altsyncram:ram_block|altsyncram_ii91:auto_generated|ram_block1a14" into an OR gate
    Warning: Converted the fan-out from the tri-state buffer "memory:inst|lpm_ram_io:inst1|datatri[13]" to the node "memory:inst|lpm_ram_io:inst1|altram:sram|altsyncram:ram_block|altsyncram_ii91:auto_generated|ram_block1a13" into an OR gate
    Warning: Converted the fan-out from the tri-state buffer "memory:inst|lpm_ram_io:inst1|datatri[12]" to the node "memory:inst|lpm_ram_io:inst1|altram:sram|altsyncram:ram_block|altsyncram_ii91:auto_generated|ram_block1a12" into an OR gate
    Warning: Converted the fan-out from the tri-state buffer "memory:inst|lpm_ram_io:inst1|datatri[11]" to the node "memory:inst|lpm_ram_io:inst1|altram:sram|altsyncram:ram_block|altsyncram_ii91:auto_generated|ram_block1a11" into an OR gate
    Warning: Converted the fan-out from the tri-state buffer "memory:inst|lpm_ram_io:inst1|datatri[10]" to the node "memory:inst|lpm_ram_io:inst1|altram:sram|altsyncram:ram_block|altsyncram_ii91:auto_generated|ram_block1a10" into an OR gate
    Warning: Converted the fan-out from the tri-state buffer "memory:inst|lpm_ram_io:inst1|datatri[9]" to the node "memory:inst|lpm_ram_io:inst1|altram:sram|altsyncram:ram_block|altsyncram_ii91:auto_generated|ram_block1a9" into an OR gate
    Warning: Converted the fan-out from the tri-state buffer "memory:inst|lpm_ram_io:inst1|datatri[8]" to the node "memory:inst|lpm_ram_io:inst1|altram:sram|altsyncram:ram_block|altsyncram_ii91:auto_generated|ram_block1a8" into an OR gate
    Warning: Converted the fan-out from the tri-state buffer "memory:inst|lpm_ram_io:inst1|datatri[7]" to the node "memory:inst|lpm_ram_io:inst1|altram:sram|altsyncram:ram_block|altsyncram_ii91:auto_generated|ram_block1a7" into an OR gate
    Warning: Converted the fan-out from the tri-state buffer "memory:inst|lpm_ram_io:inst1|datatri[6]" to the node "memory:inst|lpm_ram_io:inst1|altram:sram|altsyncram:ram_block|altsyncram_ii91:auto_generated|ram_block1a6" into an OR gate
    Warning: Converted the fan-out from the tri-state buffer "memory:inst|lpm_ram_io:inst1|datatri[5]" to the node "memory:inst|lpm_ram_io:inst1|altram:sram|altsyncram:ram_block|altsyncram_ii91:auto_generated|ram_block1a5" into an OR gate
    Warning: Converted the fan-out from the tri-state buffer "memory:inst|lpm_ram_io:inst1|datatri[4]" to the node "memory:inst|lpm_ram_io:inst1|altram:sram|altsyncram:ram_block|altsyncram_ii91:auto_generated|ram_block1a4" into an OR gate
    Warning: Converted the fan-out from the tri-state buffer "memory:inst|lpm_ram_io:inst1|datatri[3]" to the node "memory:inst|lpm_ram_io:inst1|altram:sram|altsyncram:ram_block|altsyncram_ii91:auto_generated|ram_block1a3" into an OR gate
    Warning: Converted the fan-out from the tri-state buffer "memory:inst|lpm_ram_io:inst1|datatri[2]" to the node "memory:inst|lpm_ram_io:inst1|altram:sram|altsyncram:ram_block|altsyncram_ii91:auto_generated|ram_block1a2" into an OR gate
    Warning: Converted the fan-out from the tri-state buffer "memory:inst|lpm_ram_io:inst1|datatri[1]" to the node "memory:inst|lpm_ram_io:inst1|altram:sram|altsyncram:ram_block|altsyncram_ii91:auto_generated|ram_block1a1" into an OR gate
    Warning: Converted the fan-out from the tri-state buffer "memory:inst|lpm_ram_io:inst1|datatri[0]" to the node "memory:inst|lpm_ram_io:inst1|altram:sram|altsyncram:ram_block|altsyncram_ii91:auto_generated|ram_block1a0" into an OR gate
Info: Implemented 180 device resources after synthesis - the final resource count might be different
    Info: Implemented 2 input pins
    Info: Implemented 31 output pins
    Info: Implemented 87 logic cells
    Info: Implemented 60 RAM segments
Info: Quartus II Analysis & Synthesis was successful. 0 errors, 32 warnings
    Info: Peak virtual memory: 278 megabytes
    Info: Processing ended: Sat May 13 19:55:41 2017
    Info: Elapsed time: 00:00:06
    Info: Total CPU time (on all processors): 00:00:04


