Flow report for Block1
Mon Nov 07 21:43:08 2016
Quartus II Version 9.1 Build 350 03/24/2010 Service Pack 2 SJ Web Edition


---------------------
; Table of Contents ;
---------------------
  1. Legal Notice
  2. Flow Summary
  3. Flow Settings
  4. Flow Non-Default Global Settings
  5. Flow Elapsed Time
  6. Flow OS Summary
  7. Flow Log



----------------
; Legal Notice ;
----------------
Copyright (C) 1991-2010 Altera Corporation
Your use of Altera Corporation's design tools, logic functions 
and other software and tools, and its AMPP partner logic 
functions, and any output files from any of the foregoing 
(including device programming or simulation files), and any 
associated documentation or information are expressly subject 
to the terms and conditions of the Altera Program License 
Subscription Agreement, Altera MegaCore Function License 
Agreement, or other applicable license agreement, including, 
without limitation, that your use is for the sole purpose of 
programming logic devices manufactured by Altera and sold by 
Altera or its authorized distributors.  Please refer to the 
applicable agreement for further details.



+------------------------------------------------------------------------------+
; Flow Summary                                                                 ;
+-------------------------------+----------------------------------------------+
; Flow Status                   ; Successful - Mon Nov 07 21:43:08 2016        ;
; Quartus II Version            ; 9.1 Build 350 03/24/2010 SP 2 SJ Web Edition ;
; Revision Name                 ; Block1                                       ;
; Top-level Entity Name         ; Block1                                       ;
; Family                        ; Stratix II                                   ;
; Met timing requirements       ; No                                           ;
; Logic utilization             ; < 1 %                                        ;
;     Combinational ALUTs       ; 103 / 12,480 ( < 1 % )                       ;
;     Dedicated logic registers ; 56 / 12,480 ( < 1 % )                        ;
; Total registers               ; 56                                           ;
; Total pins                    ; 52 / 343 ( 15 % )                            ;
; Total virtual pins            ; 0                                            ;
; Total block memory bits       ; 0 / 419,328 ( 0 % )                          ;
; DSP block 9-bit elements      ; 0 / 96 ( 0 % )                               ;
; Total PLLs                    ; 0 / 6 ( 0 % )                                ;
; Total DLLs                    ; 0 / 2 ( 0 % )                                ;
; Device                        ; EP2S15F484C3                                 ;
; Timing Models                 ; Final                                        ;
+-------------------------------+----------------------------------------------+


+-----------------------------------------+
; Flow Settings                           ;
+-------------------+---------------------+
; Option            ; Setting             ;
+-------------------+---------------------+
; Start date & time ; 11/07/2016 21:42:56 ;
; Main task         ; Compilation         ;
; Revision Name     ; Block1              ;
+-------------------+---------------------+


+---------------------------------------------------------------------------------------------------------------------+
; Flow Non-Default Global Settings                                                                                    ;
+------------------------------------+---------------------------------+---------------+-------------+----------------+
; Assignment Name                    ; Value                           ; Default Value ; Entity Name ; Section Id     ;
+------------------------------------+---------------------------------+---------------+-------------+----------------+
; COMPILER_SIGNATURE_ID              ; 119169994412370.147854777609728 ; --            ; --          ; --             ;
; IP_TOOL_NAME                       ; LPM_COUNTER                     ; --            ; --          ; --             ;
; IP_TOOL_NAME                       ; LPM_BUSTRI                      ; --            ; --          ; --             ;
; IP_TOOL_NAME                       ; LPM_COUNTER                     ; --            ; --          ; --             ;
; IP_TOOL_NAME                       ; LPM_COUNTER                     ; --            ; --          ; --             ;
; IP_TOOL_NAME                       ; LPM_COUNTER                     ; --            ; --          ; --             ;
; IP_TOOL_NAME                       ; LPM_COUNTER                     ; --            ; --          ; --             ;
; IP_TOOL_NAME                       ; LPM_BUSTRI                      ; --            ; --          ; --             ;
; IP_TOOL_NAME                       ; LPM_COMPARE                     ; --            ; --          ; --             ;
; IP_TOOL_NAME                       ; LPM_DECODE                      ; --            ; --          ; --             ;
; IP_TOOL_NAME                       ; LPM_BUSTRI                      ; --            ; --          ; --             ;
; IP_TOOL_NAME                       ; LPM_BUSTRI                      ; --            ; --          ; --             ;
; IP_TOOL_NAME                       ; LPM_BUSTRI                      ; --            ; --          ; --             ;
; IP_TOOL_NAME                       ; LPM_BUSTRI                      ; --            ; --          ; --             ;
; IP_TOOL_NAME                       ; LPM_BUSTRI                      ; --            ; --          ; --             ;
; IP_TOOL_NAME                       ; LPM_BUSTRI                      ; --            ; --          ; --             ;
; IP_TOOL_NAME                       ; LPM_BUSTRI                      ; --            ; --          ; --             ;
; IP_TOOL_NAME                       ; LPM_BUSTRI                      ; --            ; --          ; --             ;
; IP_TOOL_NAME                       ; LPM_BUSTRI                      ; --            ; --          ; --             ;
; IP_TOOL_NAME                       ; LPM_BUSTRI                      ; --            ; --          ; --             ;
; IP_TOOL_NAME                       ; LPM_BUSTRI                      ; --            ; --          ; --             ;
; IP_TOOL_NAME                       ; LPM_BUSTRI                      ; --            ; --          ; --             ;
; IP_TOOL_NAME                       ; LPM_BUSTRI                      ; --            ; --          ; --             ;
; IP_TOOL_NAME                       ; LPM_FF                          ; --            ; --          ; --             ;
; IP_TOOL_NAME                       ; LPM_FF                          ; --            ; --          ; --             ;
; IP_TOOL_NAME                       ; LPM_COUNTER                     ; --            ; --          ; --             ;
; IP_TOOL_NAME                       ; LPM_COUNTER                     ; --            ; --          ; --             ;
; IP_TOOL_NAME                       ; LPM_DECODE                      ; --            ; --          ; --             ;
; IP_TOOL_NAME                       ; LPM_BUSTRI                      ; --            ; --          ; --             ;
; IP_TOOL_NAME                       ; LPM_BUSTRI                      ; --            ; --          ; --             ;
; IP_TOOL_NAME                       ; LPM_BUSTRI                      ; --            ; --          ; --             ;
; IP_TOOL_NAME                       ; LPM_BUSTRI                      ; --            ; --          ; --             ;
; IP_TOOL_NAME                       ; LPM_COUNTER                     ; --            ; --          ; --             ;
; IP_TOOL_NAME                       ; LPM_COUNTER                     ; --            ; --          ; --             ;
; IP_TOOL_NAME                       ; LPM_COUNTER                     ; --            ; --          ; --             ;
; IP_TOOL_NAME                       ; LPM_BUSTRI                      ; --            ; --          ; --             ;
; IP_TOOL_NAME                       ; LPM_COUNTER                     ; --            ; --          ; --             ;
; IP_TOOL_NAME                       ; LPM_DECODE                      ; --            ; --          ; --             ;
; IP_TOOL_NAME                       ; LPM_COUNTER                     ; --            ; --          ; --             ;
; IP_TOOL_VERSION                    ; 9.1                             ; --            ; --          ; --             ;
; IP_TOOL_VERSION                    ; 9.1                             ; --            ; --          ; --             ;
; IP_TOOL_VERSION                    ; 9.1                             ; --            ; --          ; --             ;
; IP_TOOL_VERSION                    ; 9.1                             ; --            ; --          ; --             ;
; IP_TOOL_VERSION                    ; 9.1                             ; --            ; --          ; --             ;
; IP_TOOL_VERSION                    ; 9.1                             ; --            ; --          ; --             ;
; IP_TOOL_VERSION                    ; 9.1                             ; --            ; --          ; --             ;
; IP_TOOL_VERSION                    ; 9.1                             ; --            ; --          ; --             ;
; IP_TOOL_VERSION                    ; 9.1                             ; --            ; --          ; --             ;
; IP_TOOL_VERSION                    ; 9.1                             ; --            ; --          ; --             ;
; IP_TOOL_VERSION                    ; 9.1                             ; --            ; --          ; --             ;
; IP_TOOL_VERSION                    ; 9.1                             ; --            ; --          ; --             ;
; IP_TOOL_VERSION                    ; 9.1                             ; --            ; --          ; --             ;
; IP_TOOL_VERSION                    ; 9.1                             ; --            ; --          ; --             ;
; IP_TOOL_VERSION                    ; 9.1                             ; --            ; --          ; --             ;
; IP_TOOL_VERSION                    ; 9.1                             ; --            ; --          ; --             ;
; IP_TOOL_VERSION                    ; 9.1                             ; --            ; --          ; --             ;
; IP_TOOL_VERSION                    ; 9.1                             ; --            ; --          ; --             ;
; IP_TOOL_VERSION                    ; 9.1                             ; --            ; --          ; --             ;
; IP_TOOL_VERSION                    ; 9.1                             ; --            ; --          ; --             ;
; IP_TOOL_VERSION                    ; 9.1                             ; --            ; --          ; --             ;
; IP_TOOL_VERSION                    ; 9.1                             ; --            ; --          ; --             ;
; IP_TOOL_VERSION                    ; 9.1                             ; --            ; --          ; --             ;
; IP_TOOL_VERSION                    ; 9.1                             ; --            ; --          ; --             ;
; IP_TOOL_VERSION                    ; 9.1                             ; --            ; --          ; --             ;
; IP_TOOL_VERSION                    ; 9.1                             ; --            ; --          ; --             ;
; IP_TOOL_VERSION                    ; 9.1                             ; --            ; --          ; --             ;
; IP_TOOL_VERSION                    ; 9.1                             ; --            ; --          ; --             ;
; IP_TOOL_VERSION                    ; 9.1                             ; --            ; --          ; --             ;
; IP_TOOL_VERSION                    ; 9.1                             ; --            ; --          ; --             ;
; IP_TOOL_VERSION                    ; 9.1                             ; --            ; --          ; --             ;
; IP_TOOL_VERSION                    ; 9.1                             ; --            ; --          ; --             ;
; IP_TOOL_VERSION                    ; 9.1                             ; --            ; --          ; --             ;
; IP_TOOL_VERSION                    ; 9.1                             ; --            ; --          ; --             ;
; IP_TOOL_VERSION                    ; 9.1                             ; --            ; --          ; --             ;
; IP_TOOL_VERSION                    ; 9.1                             ; --            ; --          ; --             ;
; IP_TOOL_VERSION                    ; 9.1                             ; --            ; --          ; --             ;
; IP_TOOL_VERSION                    ; 9.1                             ; --            ; --          ; --             ;
; MISC_FILE                          ; lpm_counter0.bsf                ; --            ; --          ; --             ;
; MISC_FILE                          ; lpm_counter0.inc                ; --            ; --          ; --             ;
; MISC_FILE                          ; lpm_bustri0.bsf                 ; --            ; --          ; --             ;
; MISC_FILE                          ; lpm_bustri0.inc                 ; --            ; --          ; --             ;
; MISC_FILE                          ; lpm_counter1.bsf                ; --            ; --          ; --             ;
; MISC_FILE                          ; lpm_counter1.inc                ; --            ; --          ; --             ;
; MISC_FILE                          ; lpm_counter2.bsf                ; --            ; --          ; --             ;
; MISC_FILE                          ; lpm_counter2.inc                ; --            ; --          ; --             ;
; MISC_FILE                          ; lpm_counter3.bsf                ; --            ; --          ; --             ;
; MISC_FILE                          ; lpm_counter3.inc                ; --            ; --          ; --             ;
; MISC_FILE                          ; lpm_counter4.bsf                ; --            ; --          ; --             ;
; MISC_FILE                          ; lpm_counter4.inc                ; --            ; --          ; --             ;
; MISC_FILE                          ; lpm_bustri1.bsf                 ; --            ; --          ; --             ;
; MISC_FILE                          ; lpm_bustri1.inc                 ; --            ; --          ; --             ;
; MISC_FILE                          ; lpm_compare0.bsf                ; --            ; --          ; --             ;
; MISC_FILE                          ; lpm_compare0.inc                ; --            ; --          ; --             ;
; MISC_FILE                          ; lpm_decode0.bsf                 ; --            ; --          ; --             ;
; MISC_FILE                          ; lpm_decode0.inc                 ; --            ; --          ; --             ;
; MISC_FILE                          ; lpm_bustri2.bsf                 ; --            ; --          ; --             ;
; MISC_FILE                          ; lpm_bustri2.inc                 ; --            ; --          ; --             ;
; MISC_FILE                          ; lpm_bustri3.bsf                 ; --            ; --          ; --             ;
; MISC_FILE                          ; lpm_bustri3.inc                 ; --            ; --          ; --             ;
; MISC_FILE                          ; lpm_bustri4.bsf                 ; --            ; --          ; --             ;
; MISC_FILE                          ; lpm_bustri4.inc                 ; --            ; --          ; --             ;
; MISC_FILE                          ; lpm_bustri5.bsf                 ; --            ; --          ; --             ;
; MISC_FILE                          ; lpm_bustri5.inc                 ; --            ; --          ; --             ;
; MISC_FILE                          ; lpm_bustri6.bsf                 ; --            ; --          ; --             ;
; MISC_FILE                          ; lpm_bustri6.inc                 ; --            ; --          ; --             ;
; MISC_FILE                          ; lpm_bustri7.bsf                 ; --            ; --          ; --             ;
; MISC_FILE                          ; lpm_bustri7.inc                 ; --            ; --          ; --             ;
; MISC_FILE                          ; lpm_bustri8.bsf                 ; --            ; --          ; --             ;
; MISC_FILE                          ; lpm_bustri8.inc                 ; --            ; --          ; --             ;
; MISC_FILE                          ; lpm_bustri9.bsf                 ; --            ; --          ; --             ;
; MISC_FILE                          ; lpm_bustri9.inc                 ; --            ; --          ; --             ;
; MISC_FILE                          ; lpm_bustri10.bsf                ; --            ; --          ; --             ;
; MISC_FILE                          ; lpm_bustri10.inc                ; --            ; --          ; --             ;
; MISC_FILE                          ; lpm_bustri11.bsf                ; --            ; --          ; --             ;
; MISC_FILE                          ; lpm_bustri11.inc                ; --            ; --          ; --             ;
; MISC_FILE                          ; lpm_bustri12.bsf                ; --            ; --          ; --             ;
; MISC_FILE                          ; lpm_bustri12.inc                ; --            ; --          ; --             ;
; MISC_FILE                          ; lpm_bustri13.bsf                ; --            ; --          ; --             ;
; MISC_FILE                          ; lpm_bustri13.inc                ; --            ; --          ; --             ;
; MISC_FILE                          ; lpm_bustri14.bsf                ; --            ; --          ; --             ;
; MISC_FILE                          ; lpm_bustri14.inc                ; --            ; --          ; --             ;
; MISC_FILE                          ; lpm_dff0.bsf                    ; --            ; --          ; --             ;
; MISC_FILE                          ; lpm_dff0.inc                    ; --            ; --          ; --             ;
; MISC_FILE                          ; lpm_dff1.bsf                    ; --            ; --          ; --             ;
; MISC_FILE                          ; lpm_dff1.inc                    ; --            ; --          ; --             ;
; MISC_FILE                          ; lpm_counter5.bsf                ; --            ; --          ; --             ;
; MISC_FILE                          ; lpm_counter5.inc                ; --            ; --          ; --             ;
; MISC_FILE                          ; lpm_counter6.bsf                ; --            ; --          ; --             ;
; MISC_FILE                          ; lpm_counter6.inc                ; --            ; --          ; --             ;
; MISC_FILE                          ; lpm_decode1.bsf                 ; --            ; --          ; --             ;
; MISC_FILE                          ; lpm_decode1.inc                 ; --            ; --          ; --             ;
; MISC_FILE                          ; lpm_bustri15.bsf                ; --            ; --          ; --             ;
; MISC_FILE                          ; lpm_bustri15.inc                ; --            ; --          ; --             ;
; MISC_FILE                          ; lpm_bustri16.bsf                ; --            ; --          ; --             ;
; MISC_FILE                          ; lpm_bustri16.inc                ; --            ; --          ; --             ;
; MISC_FILE                          ; lpm_bustri17.bsf                ; --            ; --          ; --             ;
; MISC_FILE                          ; lpm_bustri17.inc                ; --            ; --          ; --             ;
; MISC_FILE                          ; lpm_bustri18.bsf                ; --            ; --          ; --             ;
; MISC_FILE                          ; lpm_bustri18.inc                ; --            ; --          ; --             ;
; MISC_FILE                          ; lpm_counter7.bsf                ; --            ; --          ; --             ;
; MISC_FILE                          ; lpm_counter7.inc                ; --            ; --          ; --             ;
; MISC_FILE                          ; lpm_counter8.bsf                ; --            ; --          ; --             ;
; MISC_FILE                          ; lpm_counter8.inc                ; --            ; --          ; --             ;
; MISC_FILE                          ; lpm_counter9.bsf                ; --            ; --          ; --             ;
; MISC_FILE                          ; lpm_counter9.inc                ; --            ; --          ; --             ;
; MISC_FILE                          ; lpm_bustri19.bsf                ; --            ; --          ; --             ;
; MISC_FILE                          ; lpm_bustri19.inc                ; --            ; --          ; --             ;
; MISC_FILE                          ; counter_en.bsf                  ; --            ; --          ; --             ;
; MISC_FILE                          ; counter_en.inc                  ; --            ; --          ; --             ;
; MISC_FILE                          ; decoder_en.bsf                  ; --            ; --          ; --             ;
; MISC_FILE                          ; decoder_en.inc                  ; --            ; --          ; --             ;
; MISC_FILE                          ; counter5.bsf                    ; --            ; --          ; --             ;
; MISC_FILE                          ; counter5.inc                    ; --            ; --          ; --             ;
; PARTITION_COLOR                    ; 16764057                        ; --            ; --          ; Top            ;
; PARTITION_NETLIST_TYPE             ; SOURCE                          ; --            ; --          ; Top            ;
; USE_GENERATED_PHYSICAL_CONSTRAINTS ; Off                             ; --            ; --          ; eda_blast_fpga ;
+------------------------------------+---------------------------------+---------------+-------------+----------------+


+-----------------------------------------------------------------------------------------------------------------------------+
; Flow Elapsed Time                                                                                                           ;
+-------------------------+--------------+-------------------------+---------------------+------------------------------------+
; Module Name             ; Elapsed Time ; Average Processors Used ; Peak Virtual Memory ; Total CPU Time (on all processors) ;
+-------------------------+--------------+-------------------------+---------------------+------------------------------------+
; Analysis & Synthesis    ; 00:00:04     ; 1.0                     ; 279 MB              ; 00:00:04                           ;
; Fitter                  ; 00:00:04     ; 1.0                     ; 302 MB              ; 00:00:04                           ;
; Assembler               ; 00:00:02     ; 1.0                     ; 262 MB              ; 00:00:02                           ;
; Classic Timing Analyzer ; 00:00:00     ; 1.0                     ; 192 MB              ; 00:00:00                           ;
; Total                   ; 00:00:10     ; --                      ; --                  ; 00:00:10                           ;
+-------------------------+--------------+-------------------------+---------------------+------------------------------------+


+------------------------------------------------------------------------------------------+
; Flow OS Summary                                                                          ;
+-------------------------+------------------+---------------+------------+----------------+
; Module Name             ; Machine Hostname ; OS Name       ; OS Version ; Processor type ;
+-------------------------+------------------+---------------+------------+----------------+
; Analysis & Synthesis    ; admin-PC         ; Windows Vista ; 6.2        ; x86_64         ;
; Fitter                  ; admin-PC         ; Windows Vista ; 6.2        ; x86_64         ;
; Assembler               ; admin-PC         ; Windows Vista ; 6.2        ; x86_64         ;
; Classic Timing Analyzer ; admin-PC         ; Windows Vista ; 6.2        ; x86_64         ;
+-------------------------+------------------+---------------+------------+----------------+


------------
; Flow Log ;
------------
quartus_map --read_settings_files=on --write_settings_files=off Block1 -c Block1
quartus_fit --read_settings_files=off --write_settings_files=off Block1 -c Block1
quartus_asm --read_settings_files=off --write_settings_files=off Block1 -c Block1
quartus_tan --read_settings_files=off --write_settings_files=off Block1 -c Block1 --timing_analysis_only



